#
# There is insufficient memory for the Java Runtime Environment to continue.
# Native memory allocation (mmap) failed to map 134217728 bytes for G1 virtual space
# Possible reasons:
#   The system is out of physical RAM or swap space
#   The process is running with CompressedOops enabled, and the Java Heap may be blocking the growth of the native heap
# Possible solutions:
#   Reduce memory load on the system
#   Increase physical memory or swap space
#   Check if swap backing store is full
#   Decrease Java heap size (-Xmx/-Xms)
#   Decrease number of Java threads
#   Decrease Java thread stack sizes (-Xss)
#   Set larger code cache with -XX:ReservedCodeCacheSize=
#   JVM is running with Unscaled Compressed Oops mode in which the Java heap is
#     placed in the first 4GB address space. The Java Heap base address is the
#     maximum limit for the native heap growth. Please use -XX:HeapBaseMinAddress
#     to set the Java Heap base and to place the Java Heap above 4GB virtual address.
# This output file may be truncated or incomplete.
#
#  Out of Memory Error (os_windows.cpp:3771), pid=11876, tid=13848
#
# JRE version:  (17.0.7+7) (build )
# Java VM: OpenJDK 64-Bit Server VM (17.0.7+7-b1000.6, mixed mode, sharing, tiered, compressed oops, compressed class ptrs, g1 gc, windows-amd64)
# No core dump will be written. Minidumps are not enabled by default on client versions of Windows
#

---------------  S U M M A R Y ------------

Command Line: git4idea.http.GitAskPassApp Username for 'https://github.com': 

Host: Intel(R) Core(TM) i7-8565U CPU @ 1.80GHz, 8 cores, 7G,  Windows 10 , 64 bit Build 19041 (10.0.19041.3636)
Time: Fri Nov 24 17:14:40 2023  Windows 10 , 64 bit Build 19041 (10.0.19041.3636) elapsed time: 0.035542 seconds (0d 0h 0m 0s)

---------------  T H R E A D  ---------------

Current thread (0x000001d02aa15660):  JavaThread "Unknown thread" [_thread_in_vm, id=13848, stack(0x0000001f4d700000,0x0000001f4d800000)]

Stack: [0x0000001f4d700000,0x0000001f4d800000]
Native frames: (J=compiled Java code, j=interpreted, Vv=VM code, C=native code)
V  [jvm.dll+0x683bfa]
V  [jvm.dll+0x8430a4]
V  [jvm.dll+0x8449be]
V  [jvm.dll+0x845023]
V  [jvm.dll+0x24ad2f]
V  [jvm.dll+0x680ac9]
V  [jvm.dll+0x67519a]
V  [jvm.dll+0x30b3cb]
V  [jvm.dll+0x312876]
V  [jvm.dll+0x36221e]
V  [jvm.dll+0x36244f]
V  [jvm.dll+0x2e14a8]
V  [jvm.dll+0x2e2414]
V  [jvm.dll+0x814391]
V  [jvm.dll+0x36ffe1]
V  [jvm.dll+0x7f396c]
V  [jvm.dll+0x3f305f]
V  [jvm.dll+0x3f4b91]
C  [jli.dll+0x528f]
C  [ucrtbase.dll+0x21bb2]
C  [KERNEL32.DLL+0x17344]
C  [ntdll.dll+0x526b1]


---------------  P R O C E S S  ---------------

Threads class SMR info:
_java_thread_list=0x00007fff7982d098, length=0, elements={
}

Java Threads: ( => current thread )

Other Threads:
  0x000001d02aa6fa00 GCTaskThread "GC Thread#0" [stack: 0x0000001f4d800000,0x0000001f4d900000] [id=20984]
  0x000001d02aa80da0 ConcurrentGCThread "G1 Main Marker" [stack: 0x0000001f4d900000,0x0000001f4da00000] [id=9448]
  0x000001d02aa817b0 ConcurrentGCThread "G1 Conc#0" [stack: 0x0000001f4da00000,0x0000001f4db00000] [id=19532]

[error occurred during error reporting (printing all threads), id 0xc0000005, EXCEPTION_ACCESS_VIOLATION (0xc0000005) at pc=0x00007fff78fe2087]

VM state: not at safepoint (not fully initialized)

VM Mutex/Monitor currently owned by a thread:  ([mutex/lock_event])
[0x000001d02aa11540] Heap_lock - owner thread: 0x000001d02aa15660

Heap address: 0x0000000081a00000, size: 2022 MB, Compressed Oops mode: 32-bit

CDS archive(s) mapped at: [0x0000000000000000-0x0000000000000000-0x0000000000000000), size 0, SharedBaseAddress: 0x0000000800000000, ArchiveRelocationMode: 0.
Narrow klass base: 0x0000000000000000, Narrow klass shift: 0, Narrow klass range: 0x0

GC Precious Log:
<Empty>

Heap:
 garbage-first heap   total 0K, used 0K [0x0000000081a00000, 0x0000000100000000)
  region size 1024K, 0 young (0K), 0 survivors (0K)
 Metaspace       used 0K, committed 0K, reserved 0K
  class space    used 0K, committed 0K, reserved 0K

Heap Regions: E=young(eden), S=young(survivor), O=old, HS=humongous(starts), HC=humongous(continues), CS=collection set, F=free, OA=open archive, CA=closed archive, TAMS=top-at-mark-start (previous, next)

Card table byte_map: [0x000001d03d8c0000,0x000001d03dcc0000] _byte_map_base: 0x000001d03d4b3000

Marking Bits (Prev, Next): (CMBitMap*) 0x000001d02aa70010, (CMBitMap*) 0x000001d02aa70050
 Prev Bits: [0x000001d03e0c0000, 0x000001d040058000)
 Next Bits: [0x000001d040060000, 0x000001d041ff8000)

GC Heap History (0 events):
No events

Dll operation events (1 events):
Event: 0.017 Loaded shared library C:\Program Files\JetBrains\IntelliJ IDEA 2023.2\jbr\bin\java.dll

Deoptimization events (0 events):
No events

Classes unloaded (0 events):
No events

Classes redefined (0 events):
No events

Internal exceptions (0 events):
No events

VM Operations (0 events):
No events

Events (0 events):
No events


Dynamic libraries:
0x00007ff679d00000 - 0x00007ff679d0a000 	C:\Program Files\JetBrains\IntelliJ IDEA 2023.2\jbr\bin\java.exe
0x00007fffc07f0000 - 0x00007fffc09e8000 	C:\WINDOWS\SYSTEM32\ntdll.dll
0x00007fff9eec0000 - 0x00007fff9eed9000 	C:\Program Files\AVAST Software\Avast\aswhook.dll
0x00007fffc03a0000 - 0x00007fffc045d000 	C:\WINDOWS\System32\KERNEL32.DLL
0x00007fffbe4b0000 - 0x00007fffbe7a6000 	C:\WINDOWS\System32\KERNELBASE.dll
0x00007fffbe300000 - 0x00007fffbe400000 	C:\WINDOWS\System32\ucrtbase.dll
0x00007fffb1f70000 - 0x00007fffb1f87000 	C:\Program Files\JetBrains\IntelliJ IDEA 2023.2\jbr\bin\jli.dll
0x00007fffbea30000 - 0x00007fffbebce000 	C:\WINDOWS\System32\USER32.dll
0x00007fffbe400000 - 0x00007fffbe422000 	C:\WINDOWS\System32\win32u.dll
0x00007fffbee00000 - 0x00007fffbee2c000 	C:\WINDOWS\System32\GDI32.dll
0x00007fffbded0000 - 0x00007fffbdfea000 	C:\WINDOWS\System32\gdi32full.dll
0x00007fffbe7b0000 - 0x00007fffbe84d000 	C:\WINDOWS\System32\msvcp_win.dll
0x00007fffa9d80000 - 0x00007fffaa01a000 	C:\WINDOWS\WinSxS\amd64_microsoft.windows.common-controls_6595b64144ccf1df_6.0.19041.3636_none_60b6a03d71f818d5\COMCTL32.dll
0x00007fffc0000000 - 0x00007fffc009e000 	C:\WINDOWS\System32\msvcrt.dll
0x00007fffa8670000 - 0x00007fffa868b000 	C:\Program Files\JetBrains\IntelliJ IDEA 2023.2\jbr\bin\VCRUNTIME140.dll
0x00007fffc01e0000 - 0x00007fffc0210000 	C:\WINDOWS\System32\IMM32.DLL
0x00007fffb7a10000 - 0x00007fffb7a1c000 	C:\Program Files\JetBrains\IntelliJ IDEA 2023.2\jbr\bin\vcruntime140_1.dll
0x00007fff88890000 - 0x00007fff8891d000 	C:\Program Files\JetBrains\IntelliJ IDEA 2023.2\jbr\bin\msvcp140.dll
0x00007fff78cf0000 - 0x00007fff79970000 	C:\Program Files\JetBrains\IntelliJ IDEA 2023.2\jbr\bin\server\jvm.dll
0x00007fffbec30000 - 0x00007fffbecdf000 	C:\WINDOWS\System32\ADVAPI32.dll
0x00007fffbf300000 - 0x00007fffbf39c000 	C:\WINDOWS\System32\sechost.dll
0x00007fffbe850000 - 0x00007fffbe976000 	C:\WINDOWS\System32\RPCRT4.dll
0x00007fffa7ae0000 - 0x00007fffa7ae9000 	C:\WINDOWS\SYSTEM32\WSOCK32.dll
0x00007fffaa2b0000 - 0x00007fffaa2d7000 	C:\WINDOWS\SYSTEM32\WINMM.dll
0x00007fffbf4d0000 - 0x00007fffbf53b000 	C:\WINDOWS\System32\WS2_32.dll
0x00007fffb51f0000 - 0x00007fffb51fa000 	C:\WINDOWS\SYSTEM32\VERSION.dll
0x00007fffbc720000 - 0x00007fffbc732000 	C:\WINDOWS\SYSTEM32\kernel.appcore.dll
0x00007fffbb2b0000 - 0x00007fffbb2ba000 	C:\Program Files\JetBrains\IntelliJ IDEA 2023.2\jbr\bin\jimage.dll
0x00007fffbbb20000 - 0x00007fffbbd04000 	C:\WINDOWS\SYSTEM32\DBGHELP.DLL
0x00007fffb2830000 - 0x00007fffb2864000 	C:\WINDOWS\SYSTEM32\dbgcore.DLL
0x00007fffbe060000 - 0x00007fffbe0e2000 	C:\WINDOWS\System32\bcryptPrimitives.dll
0x00007fffb95c0000 - 0x00007fffb95e5000 	C:\Program Files\JetBrains\IntelliJ IDEA 2023.2\jbr\bin\java.dll

dbghelp: loaded successfully - version: 4.0.5 - missing functions: none
symbol engine: initialized successfully - sym options: 0x614 - pdb path: .;C:\Program Files\JetBrains\IntelliJ IDEA 2023.2\jbr\bin;C:\WINDOWS\SYSTEM32;C:\Program Files\AVAST Software\Avast;C:\WINDOWS\WinSxS\amd64_microsoft.windows.common-controls_6595b64144ccf1df_6.0.19041.3636_none_60b6a03d71f818d5;C:\Program Files\JetBrains\IntelliJ IDEA 2023.2\jbr\bin\server

VM Arguments:
java_command: git4idea.http.GitAskPassApp Username for 'https://github.com': 
java_class_path (initial): C:/Program Files/JetBrains/IntelliJ IDEA 2023.2/plugins/vcs-git/lib/git4idea-rt.jar;C:/Program Files/JetBrains/IntelliJ IDEA 2023.2/lib/externalProcess-rt.jar
Launcher Type: SUN_STANDARD

[Global flags]
     intx CICompilerCount                          = 4                                         {product} {ergonomic}
     uint ConcGCThreads                            = 2                                         {product} {ergonomic}
     uint G1ConcRefinementThreads                  = 8                                         {product} {ergonomic}
   size_t G1HeapRegionSize                         = 1048576                                   {product} {ergonomic}
    uintx GCDrainStackTargetSize                   = 64                                        {product} {ergonomic}
   size_t InitialHeapSize                          = 134217728                                 {product} {ergonomic}
   size_t MarkStackSize                            = 4194304                                   {product} {ergonomic}
   size_t MaxHeapSize                              = 2120220672                                {product} {ergonomic}
   size_t MinHeapDeltaBytes                        = 1048576                                   {product} {ergonomic}
   size_t MinHeapSize                              = 8388608                                   {product} {ergonomic}
    uintx NonNMethodCodeHeapSize                   = 5839372                                {pd product} {ergonomic}
    uintx NonProfiledCodeHeapSize                  = 122909434                              {pd product} {ergonomic}
    uintx ProfiledCodeHeapSize                     = 122909434                              {pd product} {ergonomic}
    uintx ReservedCodeCacheSize                    = 251658240                              {pd product} {ergonomic}
     bool SegmentedCodeCache                       = true                                      {product} {ergonomic}
   size_t SoftMaxHeapSize                          = 2120220672                             {manageable} {ergonomic}
     bool UseCompressedClassPointers               = true                           {product lp64_product} {ergonomic}
     bool UseCompressedOops                        = true                           {product lp64_product} {ergonomic}
     bool UseG1GC                                  = true                                      {product} {ergonomic}
     bool UseLargePagesIndividualAllocation        = false                                  {pd product} {ergonomic}

Logging:
Log output configuration:
 #0: stdout all=warning uptime,level,tags
 #1: stderr all=off uptime,level,tags

Environment Variables:
JAVA_HOME=C:\Program Files\Java\jdk-11
PATH=C:\Program Files\Git\mingw64\libexec\git-core;C:\Program Files\Git\mingw64\libexec\git-core;C:\Program Files\Git\mingw64\bin;C:\Program Files\Git\usr\bin;C:\Users\Á¤¼º¹Î\bin;C:\Program Files (x86)\NAT Service;D:\app\product\11.2.0\dbhome_1\BIN;C:\WINDOWS\system32;C:\WINDOWS;C:\WINDOWS\System32\Wbem;C:\WINDOWS\System32\WindowsPowerShell\v1.0;C:\WINDOWS\System32\OpenSSH;C:\Program Files\Intel\WiFi\bin;C:\Program Files\Common Files\Intel\WirelessCommon;C:\Program Files\Git\cmd;C:\Program Files\Java\jdk-11\bin;C:\Program Files (x86)\Common Files\Oracle\Java\javapath;C:\Program Files\nodejs;C:\Users\Á¤¼º¹Î\AppData\Local\Microsoft\WindowsApps;C:\Program Files\Bandizip;C:\Program Files\Intel\WiFi\bin;C:\Program Files\Common Files\Intel\WirelessCommon;C:\Users\Á¤¼º¹Î\AppData\Local\Microsoft\WindowsApps;C:\Users\Á¤¼º¹Î\IntelliJ IDEA Community Edition 2023.1.3\bin;C:\Users\Á¤¼º¹Î\AppData\Local\GitHubDesktop\bin;C:\Program Files\JetBrains\IntelliJ IDEA 2023.2\bin;C:\Users\Á¤¼º¹Î\AppData\Roaming\npm;C:\Users\Á¤¼º¹Î\AppData\Local\Programs\Microsoft VS Code\bin
USERNAME=Á¤¼º¹Î
DISPLAY=:0.0
LC_ALL=en_US.UTF-8
TERM=xterm-256color
TMPDIR=C:\Users\Á¤¼º¹Î\AppData\Local\Temp
OS=Windows_NT
PROCESSOR_IDENTIFIER=Intel64 Family 6 Model 142 Stepping 12, GenuineIntel
TMP=C:\Users\Á¤¼º¹Î\AppData\Local\Temp
TEMP=C:\Users\Á¤¼º¹Î\AppData\Local\Temp


JNI global refs:
JNI global refs: 0, weak refs: 0

JNI global refs memory usage: 0, weak refs: 0

OOME stack traces (most recent first):
Classloader memory used:


---------------  S Y S T E M  ---------------

OS:
 Windows 10 , 64 bit Build 19041 (10.0.19041.3636)
OS uptime: 1 days 19:54 hours

CPU: total 8 (initial active 8) (4 cores per cpu, 2 threads per core) family 6 model 142 stepping 12 microcode 0xb8, cx8, cmov, fxsr, ht, mmx, 3dnowpref, sse, sse2, sse3, ssse3, sse4.1, sse4.2, popcnt, lzcnt, tsc, tscinvbit, avx, avx2, aes, erms, clmul, bmi1, bmi2, adx, fma, vzeroupper, clflush, clflushopt

Memory: 4k page, system-wide physical 8082M (434M free)
TotalPageFile size 20370M (AvailPageFile size 130M)
current process WorkingSet (physical memory assigned to process): 10M, peak: 10M
current process commit charge ("private bytes"): 60M, peak: 188M

vm_info: OpenJDK 64-Bit Server VM (17.0.7+7-b1000.6) for windows-amd64 JRE (17.0.7+7-b1000.6), built on 2023-07-07 by "builduser" with MS VC++ 16.10 / 16.11 (VS2019)

END.
