#
# There is insufficient memory for the Java Runtime Environment to continue.
# Native memory allocation (malloc) failed to allocate 999536 bytes for Chunk::new
# Possible reasons:
#   The system is out of physical RAM or swap space
#   The process is running with CompressedOops enabled, and the Java Heap may be blocking the growth of the native heap
# Possible solutions:
#   Reduce memory load on the system
#   Increase physical memory or swap space
#   Check if swap backing store is full
#   Decrease Java heap size (-Xmx/-Xms)
#   Decrease number of Java threads
#   Decrease Java thread stack sizes (-Xss)
#   Set larger code cache with -XX:ReservedCodeCacheSize=
#   JVM is running with Unscaled Compressed Oops mode in which the Java heap is
#     placed in the first 4GB address space. The Java Heap base address is the
#     maximum limit for the native heap growth. Please use -XX:HeapBaseMinAddress
#     to set the Java Heap base and to place the Java Heap above 4GB virtual address.
# This output file may be truncated or incomplete.
#
#  Out of Memory Error (./open/src/hotspot/share/memory/arena.cpp:197), pid=22888, tid=3952
#
# JRE version: Java(TM) SE Runtime Environment 18.9 (11.0.20+9) (build 11.0.20+9-LTS-256)
# Java VM: Java HotSpot(TM) 64-Bit Server VM 18.9 (11.0.20+9-LTS-256, mixed mode, tiered, compressed oops, g1 gc, windows-amd64)
# No core dump will be written. Minidumps are not enabled by default on client versions of Windows
#

---------------  S U M M A R Y ------------

Command Line: --add-opens=java.base/java.util=ALL-UNNAMED --add-opens=java.base/java.lang=ALL-UNNAMED --add-opens=java.base/java.lang.invoke=ALL-UNNAMED --add-opens=java.prefs/java.util.prefs=ALL-UNNAMED --add-opens=java.base/java.nio.charset=ALL-UNNAMED --add-opens=java.base/java.net=ALL-UNNAMED --add-opens=java.base/java.util.concurrent.atomic=ALL-UNNAMED -XX:MaxMetaspaceSize=384m -XX:+HeapDumpOnOutOfMemoryError -Xms256m -Xmx512m -Dfile.encoding=x-windows-949 -Duser.country=KR -Duser.language=ko -Duser.variant -javaagent:C:\Users\Á¤¼º¹Î\.gradle\wrapper\dists\gradle-8.4-bin\1w5dpkrfk8irigvoxmyhowfim\gradle-8.4\lib\agents\gradle-instrumentation-agent-8.4.jar org.gradle.launcher.daemon.bootstrap.GradleDaemon 8.4

Host: Intel(R) Core(TM) i7-8565U CPU @ 1.80GHz, 8 cores, 7G,  Windows 10 , 64 bit Build 19041 (10.0.19041.3570)
Time: Wed Nov 15 10:12:11 2023  Windows 10 , 64 bit Build 19041 (10.0.19041.3570) elapsed time: 20.060147 seconds (0d 0h 0m 20s)

---------------  T H R E A D  ---------------

Current thread (0x000001d25690c000):  JavaThread "C2 CompilerThread0" daemon [_thread_in_native, id=3952, stack(0x000000466c400000,0x000000466c500000)]


Current CompileTask:
C2:  20060 7076       4       java.util.regex.Pattern::compile (498 bytes)

Stack: [0x000000466c400000,0x000000466c500000]
Native frames: (J=compiled Java code, j=interpreted, Vv=VM code, C=native code)
V  [jvm.dll+0x6602ba]
V  [jvm.dll+0x7a32af]
V  [jvm.dll+0x7a4979]
V  [jvm.dll+0x7a5013]
V  [jvm.dll+0x258ef5]
V  [jvm.dll+0xb2a0c]
V  [jvm.dll+0xb2fcc]
V  [jvm.dll+0x367691]
V  [jvm.dll+0x330365]
V  [jvm.dll+0x32f74a]
V  [jvm.dll+0x211bfd]
V  [jvm.dll+0x210bc8]
V  [jvm.dll+0x18cdb1]
V  [jvm.dll+0x220e59]
V  [jvm.dll+0x21f17c]
V  [jvm.dll+0x767061]
V  [jvm.dll+0x75f8e4]
V  [jvm.dll+0x65f165]
C  [ucrtbase.dll+0x21bb2]
C  [KERNEL32.DLL+0x17344]
C  [ntdll.dll+0x526b1]


---------------  P R O C E S S  ---------------

Threads class SMR info:
_java_thread_list=0x000001d25a7c14b0, length=101, elements={
0x000001d23b864000, 0x000001d256004000, 0x000001d256007000, 0x000001d256908000,
0x000001d25690a000, 0x000001d25690b000, 0x000001d25690c000, 0x000001d25690d800,
0x000001d256910800, 0x000001d256994800, 0x000001d25871d000, 0x000001d2593d0800,
0x000001d258fb0000, 0x000001d2593ed000, 0x000001d258417800, 0x000001d259cb0800,
0x000001d258edf800, 0x000001d2593cf800, 0x000001d259266800, 0x000001d2581b3800,
0x000001d2581b6000, 0x000001d2581b0000, 0x000001d2581b1000, 0x000001d2581b4000,
0x000001d2581b6800, 0x000001d2581b1800, 0x000001d2581b5000, 0x000001d2581b2800,
0x000001d25a222800, 0x000001d25a227800, 0x000001d25a222000, 0x000001d25a228800,
0x000001d25a229800, 0x000001d25a223800, 0x000001d25a227000, 0x000001d25a22c800,
0x000001d25a22a000, 0x000001d25a230800, 0x000001d25a22d800, 0x000001d25a22e000,
0x000001d25a230000, 0x000001d25a22b000, 0x000001d25a22b800, 0x000001d25a22f000,
0x000001d25a6e9800, 0x000001d25a6e7800, 0x000001d25a6e6000, 0x000001d25a6e8800,
0x000001d25a6ec800, 0x000001d25a6ea000, 0x000001d25a6e7000, 0x000001d25a6ed800,
0x000001d25a6eb000, 0x000001d25a6eb800, 0x000001d25a6ee000, 0x000001d25a6f0000,
0x000001d25a6ef000, 0x000001d25a6f1800, 0x000001d25a6f0800, 0x000001d25a6f2800,
0x000001d25a6f3000, 0x000001d25a6f4000, 0x000001d25a6f4800, 0x000001d25c4e2800,
0x000001d25c4e3000, 0x000001d25c4e5800, 0x000001d25c4e1800, 0x000001d25c4e4000,
0x000001d25c4e0000, 0x000001d25c4e6800, 0x000001d25c4e5000, 0x000001d25c4e0800,
0x000001d25c4ed000, 0x000001d25c4e9800, 0x000001d25c4ea800, 0x000001d25c4eb800,
0x000001d25c4e7800, 0x000001d25c4ec000, 0x000001d25c4ee000, 0x000001d25c4e8000,
0x000001d25c4ee800, 0x000001d25c4e9000, 0x000001d25a39f000, 0x000001d25a3a1800,
0x000001d25a3a2800, 0x000001d25a3a0800, 0x000001d25a3a3000, 0x000001d25a39e800,
0x000001d25a39d800, 0x000001d25a3a4000, 0x000001d25a3a5000, 0x000001d25a3a0000,
0x000001d25a3a6800, 0x000001d25a3aa800, 0x000001d25a3ab800, 0x000001d25a3a5800,
0x000001d25a3ac000, 0x000001d25a3a7800, 0x000001d25a3a8000, 0x000001d25a3a9800,
0x000001d25a3a9000
}

Java Threads: ( => current thread )
  0x000001d23b864000 JavaThread "main" [_thread_blocked, id=7400, stack(0x000000466b800000,0x000000466b900000)]
  0x000001d256004000 JavaThread "Reference Handler" daemon [_thread_blocked, id=12324, stack(0x000000466bf00000,0x000000466c000000)]
  0x000001d256007000 JavaThread "Finalizer" daemon [_thread_blocked, id=13180, stack(0x000000466c000000,0x000000466c100000)]
  0x000001d256908000 JavaThread "Signal Dispatcher" daemon [_thread_blocked, id=20156, stack(0x000000466c100000,0x000000466c200000)]
  0x000001d25690a000 JavaThread "Attach Listener" daemon [_thread_blocked, id=13948, stack(0x000000466c200000,0x000000466c300000)]
  0x000001d25690b000 JavaThread "Service Thread" daemon [_thread_blocked, id=15320, stack(0x000000466c300000,0x000000466c400000)]
=>0x000001d25690c000 JavaThread "C2 CompilerThread0" daemon [_thread_in_native, id=3952, stack(0x000000466c400000,0x000000466c500000)]
  0x000001d25690d800 JavaThread "C1 CompilerThread0" daemon [_thread_in_native, id=23124, stack(0x000000466c500000,0x000000466c600000)]
  0x000001d256910800 JavaThread "Sweeper thread" daemon [_thread_blocked, id=488, stack(0x000000466c600000,0x000000466c700000)]
  0x000001d256994800 JavaThread "Common-Cleaner" daemon [_thread_blocked, id=13892, stack(0x000000466c700000,0x000000466c800000)]
  0x000001d25871d000 JavaThread "Daemon health stats" [_thread_blocked, id=4620, stack(0x000000466c800000,0x000000466c900000)]
  0x000001d2593d0800 JavaThread "Incoming local TCP Connector on port 62869" [_thread_in_native, id=20524, stack(0x000000466cf00000,0x000000466d000000)]
  0x000001d258fb0000 JavaThread "Daemon periodic checks" [_thread_blocked, id=26032, stack(0x000000466d100000,0x000000466d200000)]
  0x000001d2593ed000 JavaThread "Daemon" [_thread_blocked, id=8144, stack(0x000000466d200000,0x000000466d300000)]
  0x000001d258417800 JavaThread "Handler for socket connection from /127.0.0.1:62869 to /127.0.0.1:62870" [_thread_in_native, id=21260, stack(0x000000466d300000,0x000000466d400000)]
  0x000001d259cb0800 JavaThread "Cancel handler" [_thread_blocked, id=25592, stack(0x000000466d400000,0x000000466d500000)]
  0x000001d258edf800 JavaThread "Daemon worker" [_thread_in_Java, id=16648, stack(0x000000466d500000,0x000000466d600000)]
  0x000001d2593cf800 JavaThread "Asynchronous log dispatcher for DefaultDaemonConnection: socket connection from /127.0.0.1:62869 to /127.0.0.1:62870" [_thread_blocked, id=19200, stack(0x000000466d600000,0x000000466d700000)]
  0x000001d259266800 JavaThread "Stdin handler" [_thread_blocked, id=11756, stack(0x000000466d700000,0x000000466d800000)]
  0x000001d2581b3800 JavaThread "Daemon client event forwarder" [_thread_blocked, id=18076, stack(0x000000466d800000,0x000000466d900000)]
  0x000001d2581b6000 JavaThread "Cache worker for journal cache (C:\Users\ì •ì„±ë¯¼\.gradle\caches\journal-1)" [_thread_blocked, id=12764, stack(0x000000466dc00000,0x000000466dd00000)]
  0x000001d2581b0000 JavaThread "File lock request listener" [_thread_in_native, id=6932, stack(0x000000466dd00000,0x000000466de00000)]
  0x000001d2581b1000 JavaThread "Cache worker for file hash cache (C:\Users\ì •ì„±ë¯¼\.gradle\caches\8.4\fileHashes)" [_thread_blocked, id=23772, stack(0x000000466de00000,0x000000466df00000)]
  0x000001d2581b4000 JavaThread "File lock release action executor" [_thread_blocked, id=12484, stack(0x000000466df00000,0x000000466e000000)]
  0x000001d2581b6800 JavaThread "File watcher server" daemon [_thread_in_native, id=10428, stack(0x000000466e000000,0x000000466e100000)]
  0x000001d2581b1800 JavaThread "File watcher consumer" daemon [_thread_blocked, id=20776, stack(0x000000466e100000,0x000000466e200000)]
  0x000001d2581b5000 JavaThread "Cache worker for checksums cache (D:\ê¹ƒí—ˆë¸Œ ì €ìž¥ì†Œ\CareLink-B\.gradle\8.4\checksums)" [_thread_blocked, id=10420, stack(0x000000466d000000,0x000000466d100000)]
  0x000001d2581b2800 JavaThread "Cache worker for file hash cache (D:\ê¹ƒí—ˆë¸Œ ì €ìž¥ì†Œ\CareLink-B\.gradle\8.4\fileHashes)" [_thread_blocked, id=3144, stack(0x000000466e200000,0x000000466e300000)]
  0x000001d25a222800 JavaThread "Cache worker for cache directory md-supplier (C:\Users\ì •ì„±ë¯¼\.gradle\caches\8.4\md-supplier)" [_thread_blocked, id=21044, stack(0x000000466e300000,0x000000466e400000)]
  0x000001d25a227800 JavaThread "Cache worker for file content cache (C:\Users\ì •ì„±ë¯¼\.gradle\caches\8.4\fileContent)" [_thread_blocked, id=9700, stack(0x000000466e400000,0x000000466e500000)]
  0x000001d25a222000 JavaThread "Cache worker for cache directory md-rule (C:\Users\ì •ì„±ë¯¼\.gradle\caches\8.4\md-rule)" [_thread_blocked, id=17556, stack(0x000000466e500000,0x000000466e600000)]
  0x000001d25a228800 JavaThread "Cache worker for execution history cache (C:\Users\ì •ì„±ë¯¼\.gradle\caches\8.4\executionHistory)" [_thread_blocked, id=19468, stack(0x000000466e600000,0x000000466e700000)]
  0x000001d25a229800 JavaThread "jar transforms" [_thread_blocked, id=19224, stack(0x000000466e700000,0x000000466e800000)]
  0x000001d25a223800 JavaThread "jar transforms Thread 2" [_thread_blocked, id=19360, stack(0x000000466e800000,0x000000466e900000)]
  0x000001d25a227000 JavaThread "jar transforms Thread 3" [_thread_blocked, id=21396, stack(0x000000466e900000,0x000000466ea00000)]
  0x000001d25a22c800 JavaThread "jar transforms Thread 4" [_thread_blocked, id=18496, stack(0x000000466ea00000,0x000000466eb00000)]
  0x000001d25a22a000 JavaThread "jar transforms Thread 5" [_thread_blocked, id=1272, stack(0x000000466eb00000,0x000000466ec00000)]
  0x000001d25a230800 JavaThread "jar transforms Thread 6" [_thread_blocked, id=16756, stack(0x000000466ec00000,0x000000466ed00000)]
  0x000001d25a22d800 JavaThread "Cache worker for dependencies-accessors (D:\ê¹ƒí—ˆë¸Œ ì €ìž¥ì†Œ\CareLink-B\.gradle\8.4\dependencies-accessors)" [_thread_blocked, id=22080, stack(0x000000466ed00000,0x000000466ee00000)]
  0x000001d25a22e000 JavaThread "jar transforms Thread 7" [_thread_blocked, id=1772, stack(0x000000466ee00000,0x000000466ef00000)]
  0x000001d25a230000 JavaThread "Cache worker for Build Output Cleanup Cache (D:\ê¹ƒí—ˆë¸Œ ì €ìž¥ì†Œ\CareLink-B\.gradle\buildOutputCleanup)" [_thread_blocked, id=13404, stack(0x000000466ef00000,0x000000466f000000)]
  0x000001d25a22b000 JavaThread "Unconstrained build operations" [_thread_blocked, id=10284, stack(0x000000466f000000,0x000000466f100000)]
  0x000001d25a22b800 JavaThread "Unconstrained build operations Thread 2" [_thread_blocked, id=16016, stack(0x000000466f100000,0x000000466f200000)]
  0x000001d25a22f000 JavaThread "Unconstrained build operations Thread 3" [_thread_blocked, id=14656, stack(0x000000466f200000,0x000000466f300000)]
  0x000001d25a6e9800 JavaThread "Unconstrained build operations Thread 4" [_thread_blocked, id=18552, stack(0x000000466f300000,0x000000466f400000)]
  0x000001d25a6e7800 JavaThread "Unconstrained build operations Thread 5" [_thread_blocked, id=14580, stack(0x000000466f400000,0x000000466f500000)]
  0x000001d25a6e6000 JavaThread "Unconstrained build operations Thread 6" [_thread_blocked, id=11316, stack(0x000000466f500000,0x000000466f600000)]
  0x000001d25a6e8800 JavaThread "Unconstrained build operations Thread 7" [_thread_blocked, id=3000, stack(0x000000466f600000,0x000000466f700000)]
  0x000001d25a6ec800 JavaThread "jar transforms Thread 8" [_thread_blocked, id=20780, stack(0x000000466f700000,0x000000466f800000)]
  0x000001d25a6ea000 JavaThread "Memory manager" [_thread_blocked, id=24888, stack(0x000000466f800000,0x000000466f900000)]
  0x000001d25a6e7000 JavaThread "included builds" [_thread_blocked, id=17188, stack(0x000000466f900000,0x000000466fa00000)]
  0x000001d25a6ed800 JavaThread "Execution worker" [_thread_blocked, id=7428, stack(0x000000466fa00000,0x000000466fb00000)]
  0x000001d25a6eb000 JavaThread "Execution worker Thread 2" [_thread_blocked, id=25440, stack(0x000000466fb00000,0x000000466fc00000)]
  0x000001d25a6eb800 JavaThread "Execution worker Thread 3" [_thread_blocked, id=25452, stack(0x000000466fc00000,0x000000466fd00000)]
  0x000001d25a6ee000 JavaThread "Execution worker Thread 4" [_thread_blocked, id=18528, stack(0x000000466fd00000,0x000000466fe00000)]
  0x000001d25a6f0000 JavaThread "Execution worker Thread 5" [_thread_blocked, id=18560, stack(0x000000466fe00000,0x000000466ff00000)]
  0x000001d25a6ef000 JavaThread "Execution worker Thread 6" [_thread_blocked, id=13816, stack(0x000000466ff00000,0x0000004670000000)]
  0x000001d25a6f1800 JavaThread "Execution worker Thread 7" [_thread_blocked, id=20632, stack(0x0000004670000000,0x0000004670100000)]
  0x000001d25a6f0800 JavaThread "Cache worker for execution history cache (D:\ê¹ƒí—ˆë¸Œ ì €ìž¥ì†Œ\CareLink-B\.gradle\8.4\executionHistory)" [_thread_blocked, id=11016, stack(0x0000004670100000,0x0000004670200000)]
  0x000001d25a6f2800 JavaThread "Unconstrained build operations Thread 8" [_thread_blocked, id=26148, stack(0x0000004670200000,0x0000004670300000)]
  0x000001d25a6f3000 JavaThread "Unconstrained build operations Thread 9" [_thread_blocked, id=8792, stack(0x0000004670300000,0x0000004670400000)]
  0x000001d25a6f4000 JavaThread "Unconstrained build operations Thread 10" [_thread_blocked, id=19976, stack(0x0000004670400000,0x0000004670500000)]
  0x000001d25a6f4800 JavaThread "Unconstrained build operations Thread 11" [_thread_blocked, id=11036, stack(0x0000004670500000,0x0000004670600000)]
  0x000001d25c4e2800 JavaThread "Unconstrained build operations Thread 12" [_thread_blocked, id=20988, stack(0x0000004670600000,0x0000004670700000)]
  0x000001d25c4e3000 JavaThread "Unconstrained build operations Thread 13" [_thread_blocked, id=10216, stack(0x0000004670700000,0x0000004670800000)]
  0x000001d25c4e5800 JavaThread "Unconstrained build operations Thread 14" [_thread_blocked, id=7204, stack(0x0000004670800000,0x0000004670900000)]
  0x000001d25c4e1800 JavaThread "Unconstrained build operations Thread 15" [_thread_blocked, id=12896, stack(0x0000004670900000,0x0000004670a00000)]
  0x000001d25c4e4000 JavaThread "Unconstrained build operations Thread 16" [_thread_blocked, id=11600, stack(0x0000004670a00000,0x0000004670b00000)]
  0x000001d25c4e0000 JavaThread "Unconstrained build operations Thread 17" [_thread_blocked, id=13216, stack(0x0000004670b00000,0x0000004670c00000)]
  0x000001d25c4e6800 JavaThread "Unconstrained build operations Thread 18" [_thread_blocked, id=18756, stack(0x0000004670c00000,0x0000004670d00000)]
  0x000001d25c4e5000 JavaThread "Unconstrained build operations Thread 19" [_thread_blocked, id=12320, stack(0x0000004670d00000,0x0000004670e00000)]
  0x000001d25c4e0800 JavaThread "Unconstrained build operations Thread 20" [_thread_blocked, id=13036, stack(0x0000004670e00000,0x0000004670f00000)]
  0x000001d25c4ed000 JavaThread "Unconstrained build operations Thread 21" [_thread_blocked, id=22248, stack(0x0000004670f00000,0x0000004671000000)]
  0x000001d25c4e9800 JavaThread "Unconstrained build operations Thread 22" [_thread_blocked, id=10636, stack(0x0000004671000000,0x0000004671100000)]
  0x000001d25c4ea800 JavaThread "Unconstrained build operations Thread 23" [_thread_blocked, id=11728, stack(0x0000004671100000,0x0000004671200000)]
  0x000001d25c4eb800 JavaThread "Unconstrained build operations Thread 24" [_thread_blocked, id=828, stack(0x0000004671200000,0x0000004671300000)]
  0x000001d25c4e7800 JavaThread "Unconstrained build operations Thread 25" [_thread_blocked, id=1892, stack(0x0000004671300000,0x0000004671400000)]
  0x000001d25c4ec000 JavaThread "Unconstrained build operations Thread 26" [_thread_blocked, id=17652, stack(0x0000004671400000,0x0000004671500000)]
  0x000001d25c4ee000 JavaThread "Unconstrained build operations Thread 27" [_thread_blocked, id=26112, stack(0x0000004671500000,0x0000004671600000)]
  0x000001d25c4e8000 JavaThread "Unconstrained build operations Thread 28" [_thread_blocked, id=13588, stack(0x0000004671600000,0x0000004671700000)]
  0x000001d25c4ee800 JavaThread "Unconstrained build operations Thread 29" [_thread_blocked, id=26504, stack(0x0000004671700000,0x0000004671800000)]
  0x000001d25c4e9000 JavaThread "Unconstrained build operations Thread 30" [_thread_blocked, id=19424, stack(0x0000004671800000,0x0000004671900000)]
  0x000001d25a39f000 JavaThread "Unconstrained build operations Thread 31" [_thread_blocked, id=11692, stack(0x0000004671900000,0x0000004671a00000)]
  0x000001d25a3a1800 JavaThread "Unconstrained build operations Thread 32" [_thread_blocked, id=12652, stack(0x0000004671a00000,0x0000004671b00000)]
  0x000001d25a3a2800 JavaThread "Unconstrained build operations Thread 33" [_thread_blocked, id=9860, stack(0x0000004671b00000,0x0000004671c00000)]
  0x000001d25a3a0800 JavaThread "Unconstrained build operations Thread 34" [_thread_blocked, id=22372, stack(0x0000004671c00000,0x0000004671d00000)]
  0x000001d25a3a3000 JavaThread "Unconstrained build operations Thread 35" [_thread_blocked, id=17444, stack(0x0000004671d00000,0x0000004671e00000)]
  0x000001d25a39e800 JavaThread "Unconstrained build operations Thread 36" [_thread_blocked, id=15332, stack(0x0000004671e00000,0x0000004671f00000)]
  0x000001d25a39d800 JavaThread "Unconstrained build operations Thread 37" [_thread_blocked, id=20700, stack(0x0000004671f00000,0x0000004672000000)]
  0x000001d25a3a4000 JavaThread "Unconstrained build operations Thread 38" [_thread_blocked, id=17404, stack(0x0000004672000000,0x0000004672100000)]
  0x000001d25a3a5000 JavaThread "Unconstrained build operations Thread 39" [_thread_blocked, id=10984, stack(0x0000004672100000,0x0000004672200000)]
  0x000001d25a3a0000 JavaThread "Unconstrained build operations Thread 40" [_thread_blocked, id=14984, stack(0x0000004672200000,0x0000004672300000)]
  0x000001d25a3a6800 JavaThread "Unconstrained build operations Thread 41" [_thread_blocked, id=6444, stack(0x0000004672300000,0x0000004672400000)]
  0x000001d25a3aa800 JavaThread "Unconstrained build operations Thread 42" [_thread_blocked, id=16760, stack(0x0000004672400000,0x0000004672500000)]
  0x000001d25a3ab800 JavaThread "Unconstrained build operations Thread 43" [_thread_blocked, id=23276, stack(0x0000004672500000,0x0000004672600000)]
  0x000001d25a3a5800 JavaThread "Unconstrained build operations Thread 44" [_thread_blocked, id=14164, stack(0x0000004672600000,0x0000004672700000)]
  0x000001d25a3ac000 JavaThread "Unconstrained build operations Thread 45" [_thread_blocked, id=14224, stack(0x0000004672700000,0x0000004672800000)]
  0x000001d25a3a7800 JavaThread "Unconstrained build operations Thread 46" [_thread_blocked, id=16960, stack(0x0000004672800000,0x0000004672900000)]
  0x000001d25a3a8000 JavaThread "Unconstrained build operations Thread 47" [_thread_blocked, id=15656, stack(0x0000004672900000,0x0000004672a00000)]
  0x000001d25a3a9800 JavaThread "Unconstrained build operations Thread 48" [_thread_blocked, id=25460, stack(0x0000004672a00000,0x0000004672b00000)]
  0x000001d25a3a9000 JavaThread "Unconstrained build operations Thread 49" [_thread_blocked, id=20692, stack(0x0000004672b00000,0x0000004672c00000)]

Other Threads:
  0x000001d255fdf000 VMThread "VM Thread" [stack: 0x000000466be00000,0x000000466bf00000] [id=8004]
  0x000001d256c46000 WatcherThread [stack: 0x000000466c900000,0x000000466ca00000] [id=21584]
  0x000001d23b87d000 GCTaskThread "GC Thread#0" [stack: 0x000000466b900000,0x000000466ba00000] [id=22276]
  0x000001d25761e000 GCTaskThread "GC Thread#1" [stack: 0x000000466ca00000,0x000000466cb00000] [id=4416]
  0x000001d257113800 GCTaskThread "GC Thread#2" [stack: 0x000000466cb00000,0x000000466cc00000] [id=12180]
  0x000001d257266000 GCTaskThread "GC Thread#3" [stack: 0x000000466cc00000,0x000000466cd00000] [id=13756]
  0x000001d25769a800 GCTaskThread "GC Thread#4" [stack: 0x000000466cd00000,0x000000466ce00000] [id=26280]
  0x000001d2576bb800 GCTaskThread "GC Thread#5" [stack: 0x000000466ce00000,0x000000466cf00000] [id=22472]
  0x000001d256d30800 GCTaskThread "GC Thread#6" [stack: 0x000000466d900000,0x000000466da00000] [id=14808]
  0x000001d256ad0000 GCTaskThread "GC Thread#7" [stack: 0x000000466da00000,0x000000466db00000] [id=20248]
  0x000001d23b88d800 ConcurrentGCThread "G1 Main Marker" [stack: 0x000000466ba00000,0x000000466bb00000] [id=25140]
  0x000001d23b88e800 ConcurrentGCThread "G1 Conc#0" [stack: 0x000000466bb00000,0x000000466bc00000] [id=12384]
  0x000001d2577a0000 ConcurrentGCThread "G1 Conc#1" [stack: 0x000000466db00000,0x000000466dc00000] [id=14236]
  0x000001d255e72800 ConcurrentGCThread "G1 Refine#0" [stack: 0x000000466bc00000,0x000000466bd00000] [id=7896]
  0x000001d23b93d800 ConcurrentGCThread "G1 Young RemSet Sampling" [stack: 0x000000466bd00000,0x000000466be00000] [id=11000]

Threads with active compile tasks:
C2 CompilerThread0    20182 7076       4       java.util.regex.Pattern::compile (498 bytes)
C1 CompilerThread0    20182 7290       2       java.util.concurrent.ConcurrentLinkedQueue$Itr::<init> (75 bytes)

VM state:not at safepoint (normal execution)

VM Mutex/Monitor currently owned by a thread:  ([mutex/lock_event])
[0x000001d23b860620] Safepoint_lock - owner thread: 0x0000000000000000

OutOfMemory and StackOverflow Exception counts:
OutOfMemoryError java_heap_errors=1
LinkageErrors=107

Heap address: 0x00000000e0000000, size: 512 MB, Compressed Oops mode: 32-bit
Narrow klass base: 0x0000000000000000, Narrow klass shift: 3
Compressed class space size: 394264576 Address: 0x0000000100000000

Heap:
 garbage-first heap   total 262144K, used 127011K [0x00000000e0000000, 0x0000000100000000)
  region size 1024K, 96 young (98304K), 11 survivors (11264K)
 Metaspace       used 60963K, capacity 63190K, committed 63440K, reserved 440320K
  class space    used 8127K, capacity 9022K, committed 9088K, reserved 385024K
Heap Regions: E=young(eden), S=young(survivor), O=old, HS=humongous(starts), HC=humongous(continues), CS=collection set, F=free, A=archive, TAMS=top-at-mark-start (previous, next)
|   0|0x00000000e0000000, 0x00000000e0100000, 0x00000000e0100000|100%|HS|  |TAMS 0x00000000e0100000, 0x00000000e0000000| Complete 
|   1|0x00000000e0100000, 0x00000000e0200000, 0x00000000e0200000|100%|HC|  |TAMS 0x00000000e0200000, 0x00000000e0100000| Complete 
|   2|0x00000000e0200000, 0x00000000e0300000, 0x00000000e0300000|100%|HC|  |TAMS 0x00000000e0300000, 0x00000000e0200000| Complete 
|   3|0x00000000e0300000, 0x00000000e0400000, 0x00000000e0400000|100%|HC|  |TAMS 0x00000000e0400000, 0x00000000e0300000| Complete 
|   4|0x00000000e0400000, 0x00000000e0500000, 0x00000000e0500000|100%| O|  |TAMS 0x00000000e0500000, 0x00000000e0400000| Untracked 
|   5|0x00000000e0500000, 0x00000000e0600000, 0x00000000e0600000|100%| O|  |TAMS 0x00000000e0600000, 0x00000000e0500000| Untracked 
|   6|0x00000000e0600000, 0x00000000e0700000, 0x00000000e0700000|100%| O|  |TAMS 0x00000000e0700000, 0x00000000e0600000| Untracked 
|   7|0x00000000e0700000, 0x00000000e0800000, 0x00000000e0800000|100%| O|  |TAMS 0x00000000e0800000, 0x00000000e0700000| Untracked 
|   8|0x00000000e0800000, 0x00000000e0900000, 0x00000000e0900000|100%| O|  |TAMS 0x00000000e0900000, 0x00000000e0800000| Untracked 
|   9|0x00000000e0900000, 0x00000000e0a00000, 0x00000000e0a00000|100%| O|  |TAMS 0x00000000e0a00000, 0x00000000e0900000| Untracked 
|  10|0x00000000e0a00000, 0x00000000e0b00000, 0x00000000e0b00000|100%| O|  |TAMS 0x00000000e0b00000, 0x00000000e0a00000| Untracked 
|  11|0x00000000e0b00000, 0x00000000e0c00000, 0x00000000e0c00000|100%| O|  |TAMS 0x00000000e0c00000, 0x00000000e0b00000| Untracked 
|  12|0x00000000e0c00000, 0x00000000e0d00000, 0x00000000e0d00000|100%| O|  |TAMS 0x00000000e0d00000, 0x00000000e0c00000| Untracked 
|  13|0x00000000e0d00000, 0x00000000e0e00000, 0x00000000e0e00000|100%| O|  |TAMS 0x00000000e0e00000, 0x00000000e0d00000| Untracked 
|  14|0x00000000e0e00000, 0x00000000e0f00000, 0x00000000e0f00000|100%| O|  |TAMS 0x00000000e0f00000, 0x00000000e0e00000| Untracked 
|  15|0x00000000e0f00000, 0x00000000e1000000, 0x00000000e1000000|100%| O|  |TAMS 0x00000000e1000000, 0x00000000e0f00000| Untracked 
|  16|0x00000000e1000000, 0x00000000e1100000, 0x00000000e1100000|100%| O|  |TAMS 0x00000000e1100000, 0x00000000e1000000| Untracked 
|  17|0x00000000e1100000, 0x00000000e1200000, 0x00000000e1200000|100%| O|  |TAMS 0x00000000e1200000, 0x00000000e1100000| Untracked 
|  18|0x00000000e1200000, 0x00000000e1300000, 0x00000000e1300000|100%| O|  |TAMS 0x00000000e1300000, 0x00000000e1200000| Untracked 
|  19|0x00000000e1300000, 0x00000000e1400000, 0x00000000e1400000|100%| O|  |TAMS 0x00000000e1400000, 0x00000000e1300000| Untracked 
|  20|0x00000000e1400000, 0x00000000e1500000, 0x00000000e1500000|100%| O|  |TAMS 0x00000000e1500000, 0x00000000e1400000| Untracked 
|  21|0x00000000e1500000, 0x00000000e1600000, 0x00000000e1600000|100%| O|  |TAMS 0x00000000e1600000, 0x00000000e1500000| Untracked 
|  22|0x00000000e1600000, 0x00000000e1700000, 0x00000000e1700000|100%| O|  |TAMS 0x00000000e1700000, 0x00000000e1600000| Untracked 
|  23|0x00000000e1700000, 0x00000000e1800000, 0x00000000e1800000|100%| O|  |TAMS 0x00000000e1800000, 0x00000000e1700000| Untracked 
|  24|0x00000000e1800000, 0x00000000e1900000, 0x00000000e1900000|100%| O|  |TAMS 0x00000000e1900000, 0x00000000e1800000| Untracked 
|  25|0x00000000e1900000, 0x00000000e1a00000, 0x00000000e1a00000|100%| O|  |TAMS 0x00000000e1a00000, 0x00000000e1900000| Untracked 
|  26|0x00000000e1a00000, 0x00000000e1b00000, 0x00000000e1b00000|100%| O|  |TAMS 0x00000000e1b00000, 0x00000000e1a00000| Untracked 
|  27|0x00000000e1b00000, 0x00000000e1c00000, 0x00000000e1c00000|100%| O|  |TAMS 0x00000000e1c00000, 0x00000000e1b00000| Untracked 
|  28|0x00000000e1c00000, 0x00000000e1d00000, 0x00000000e1d00000|100%| O|  |TAMS 0x00000000e1d00000, 0x00000000e1c00000| Untracked 
|  29|0x00000000e1d00000, 0x00000000e1e00000, 0x00000000e1e00000|100%| O|  |TAMS 0x00000000e1e00000, 0x00000000e1d00000| Untracked 
|  30|0x00000000e1e00000, 0x00000000e1e56e00, 0x00000000e1f00000| 33%| O|  |TAMS 0x00000000e1e56e00, 0x00000000e1e00000| Untracked 
|  31|0x00000000e1f00000, 0x00000000e1f00000, 0x00000000e2000000|  0%| F|  |TAMS 0x00000000e1f00000, 0x00000000e1f00000| Untracked 
|  32|0x00000000e2000000, 0x00000000e2000000, 0x00000000e2100000|  0%| F|  |TAMS 0x00000000e2000000, 0x00000000e2000000| Untracked 
|  33|0x00000000e2100000, 0x00000000e2100000, 0x00000000e2200000|  0%| F|  |TAMS 0x00000000e2100000, 0x00000000e2100000| Untracked 
|  34|0x00000000e2200000, 0x00000000e2200000, 0x00000000e2300000|  0%| F|  |TAMS 0x00000000e2200000, 0x00000000e2200000| Untracked 
|  35|0x00000000e2300000, 0x00000000e2300000, 0x00000000e2400000|  0%| F|  |TAMS 0x00000000e2300000, 0x00000000e2300000| Untracked 
|  36|0x00000000e2400000, 0x00000000e2400000, 0x00000000e2500000|  0%| F|  |TAMS 0x00000000e2400000, 0x00000000e2400000| Untracked 
|  37|0x00000000e2500000, 0x00000000e2500000, 0x00000000e2600000|  0%| F|  |TAMS 0x00000000e2500000, 0x00000000e2500000| Untracked 
|  38|0x00000000e2600000, 0x00000000e2600000, 0x00000000e2700000|  0%| F|  |TAMS 0x00000000e2600000, 0x00000000e2600000| Untracked 
|  39|0x00000000e2700000, 0x00000000e2700000, 0x00000000e2800000|  0%| F|  |TAMS 0x00000000e2700000, 0x00000000e2700000| Untracked 
|  40|0x00000000e2800000, 0x00000000e2800000, 0x00000000e2900000|  0%| F|  |TAMS 0x00000000e2800000, 0x00000000e2800000| Untracked 
|  41|0x00000000e2900000, 0x00000000e2900000, 0x00000000e2a00000|  0%| F|  |TAMS 0x00000000e2900000, 0x00000000e2900000| Untracked 
|  42|0x00000000e2a00000, 0x00000000e2a00000, 0x00000000e2b00000|  0%| F|  |TAMS 0x00000000e2a00000, 0x00000000e2a00000| Untracked 
|  43|0x00000000e2b00000, 0x00000000e2b00000, 0x00000000e2c00000|  0%| F|  |TAMS 0x00000000e2b00000, 0x00000000e2b00000| Untracked 
|  44|0x00000000e2c00000, 0x00000000e2c00000, 0x00000000e2d00000|  0%| F|  |TAMS 0x00000000e2c00000, 0x00000000e2c00000| Untracked 
|  45|0x00000000e2d00000, 0x00000000e2d00000, 0x00000000e2e00000|  0%| F|  |TAMS 0x00000000e2d00000, 0x00000000e2d00000| Untracked 
|  46|0x00000000e2e00000, 0x00000000e2e00000, 0x00000000e2f00000|  0%| F|  |TAMS 0x00000000e2e00000, 0x00000000e2e00000| Untracked 
|  47|0x00000000e2f00000, 0x00000000e2f00000, 0x00000000e3000000|  0%| F|  |TAMS 0x00000000e2f00000, 0x00000000e2f00000| Untracked 
|  48|0x00000000e3000000, 0x00000000e3000000, 0x00000000e3100000|  0%| F|  |TAMS 0x00000000e3000000, 0x00000000e3000000| Untracked 
|  49|0x00000000e3100000, 0x00000000e3100000, 0x00000000e3200000|  0%| F|  |TAMS 0x00000000e3100000, 0x00000000e3100000| Untracked 
|  50|0x00000000e3200000, 0x00000000e3200000, 0x00000000e3300000|  0%| F|  |TAMS 0x00000000e3200000, 0x00000000e3200000| Untracked 
|  51|0x00000000e3300000, 0x00000000e3300000, 0x00000000e3400000|  0%| F|  |TAMS 0x00000000e3300000, 0x00000000e3300000| Untracked 
|  52|0x00000000e3400000, 0x00000000e3400000, 0x00000000e3500000|  0%| F|  |TAMS 0x00000000e3400000, 0x00000000e3400000| Untracked 
|  53|0x00000000e3500000, 0x00000000e3500000, 0x00000000e3600000|  0%| F|  |TAMS 0x00000000e3500000, 0x00000000e3500000| Untracked 
|  54|0x00000000e3600000, 0x00000000e3600000, 0x00000000e3700000|  0%| F|  |TAMS 0x00000000e3600000, 0x00000000e3600000| Untracked 
|  55|0x00000000e3700000, 0x00000000e3700000, 0x00000000e3800000|  0%| F|  |TAMS 0x00000000e3700000, 0x00000000e3700000| Untracked 
|  56|0x00000000e3800000, 0x00000000e3800000, 0x00000000e3900000|  0%| F|  |TAMS 0x00000000e3800000, 0x00000000e3800000| Untracked 
|  57|0x00000000e3900000, 0x00000000e3900000, 0x00000000e3a00000|  0%| F|  |TAMS 0x00000000e3900000, 0x00000000e3900000| Untracked 
|  58|0x00000000e3a00000, 0x00000000e3a00000, 0x00000000e3b00000|  0%| F|  |TAMS 0x00000000e3a00000, 0x00000000e3a00000| Untracked 
|  59|0x00000000e3b00000, 0x00000000e3b00000, 0x00000000e3c00000|  0%| F|  |TAMS 0x00000000e3b00000, 0x00000000e3b00000| Untracked 
|  60|0x00000000e3c00000, 0x00000000e3c00000, 0x00000000e3d00000|  0%| F|  |TAMS 0x00000000e3c00000, 0x00000000e3c00000| Untracked 
|  61|0x00000000e3d00000, 0x00000000e3d00000, 0x00000000e3e00000|  0%| F|  |TAMS 0x00000000e3d00000, 0x00000000e3d00000| Untracked 
|  62|0x00000000e3e00000, 0x00000000e3e00000, 0x00000000e3f00000|  0%| F|  |TAMS 0x00000000e3e00000, 0x00000000e3e00000| Untracked 
|  63|0x00000000e3f00000, 0x00000000e3f00000, 0x00000000e4000000|  0%| F|  |TAMS 0x00000000e3f00000, 0x00000000e3f00000| Untracked 
|  64|0x00000000e4000000, 0x00000000e4000000, 0x00000000e4100000|  0%| F|  |TAMS 0x00000000e4000000, 0x00000000e4000000| Untracked 
|  65|0x00000000e4100000, 0x00000000e4100000, 0x00000000e4200000|  0%| F|  |TAMS 0x00000000e4100000, 0x00000000e4100000| Untracked 
|  66|0x00000000e4200000, 0x00000000e4200000, 0x00000000e4300000|  0%| F|  |TAMS 0x00000000e4200000, 0x00000000e4200000| Untracked 
|  67|0x00000000e4300000, 0x00000000e4300000, 0x00000000e4400000|  0%| F|  |TAMS 0x00000000e4300000, 0x00000000e4300000| Untracked 
|  68|0x00000000e4400000, 0x00000000e4400000, 0x00000000e4500000|  0%| F|  |TAMS 0x00000000e4400000, 0x00000000e4400000| Untracked 
|  69|0x00000000e4500000, 0x00000000e4500000, 0x00000000e4600000|  0%| F|  |TAMS 0x00000000e4500000, 0x00000000e4500000| Untracked 
|  70|0x00000000e4600000, 0x00000000e4600000, 0x00000000e4700000|  0%| F|  |TAMS 0x00000000e4600000, 0x00000000e4600000| Untracked 
|  71|0x00000000e4700000, 0x00000000e4700000, 0x00000000e4800000|  0%| F|  |TAMS 0x00000000e4700000, 0x00000000e4700000| Untracked 
|  72|0x00000000e4800000, 0x00000000e4800000, 0x00000000e4900000|  0%| F|  |TAMS 0x00000000e4800000, 0x00000000e4800000| Untracked 
|  73|0x00000000e4900000, 0x00000000e4900000, 0x00000000e4a00000|  0%| F|  |TAMS 0x00000000e4900000, 0x00000000e4900000| Untracked 
|  74|0x00000000e4a00000, 0x00000000e4a00000, 0x00000000e4b00000|  0%| F|  |TAMS 0x00000000e4a00000, 0x00000000e4a00000| Untracked 
|  75|0x00000000e4b00000, 0x00000000e4b00000, 0x00000000e4c00000|  0%| F|  |TAMS 0x00000000e4b00000, 0x00000000e4b00000| Untracked 
|  76|0x00000000e4c00000, 0x00000000e4c00000, 0x00000000e4d00000|  0%| F|  |TAMS 0x00000000e4c00000, 0x00000000e4c00000| Untracked 
|  77|0x00000000e4d00000, 0x00000000e4d00000, 0x00000000e4e00000|  0%| F|  |TAMS 0x00000000e4d00000, 0x00000000e4d00000| Untracked 
|  78|0x00000000e4e00000, 0x00000000e4e00000, 0x00000000e4f00000|  0%| F|  |TAMS 0x00000000e4e00000, 0x00000000e4e00000| Untracked 
|  79|0x00000000e4f00000, 0x00000000e4f00000, 0x00000000e5000000|  0%| F|  |TAMS 0x00000000e4f00000, 0x00000000e4f00000| Untracked 
|  80|0x00000000e5000000, 0x00000000e5000000, 0x00000000e5100000|  0%| F|  |TAMS 0x00000000e5000000, 0x00000000e5000000| Untracked 
|  81|0x00000000e5100000, 0x00000000e5100000, 0x00000000e5200000|  0%| F|  |TAMS 0x00000000e5100000, 0x00000000e5100000| Untracked 
|  82|0x00000000e5200000, 0x00000000e5200000, 0x00000000e5300000|  0%| F|  |TAMS 0x00000000e5200000, 0x00000000e5200000| Untracked 
|  83|0x00000000e5300000, 0x00000000e5300000, 0x00000000e5400000|  0%| F|  |TAMS 0x00000000e5300000, 0x00000000e5300000| Untracked 
|  84|0x00000000e5400000, 0x00000000e5400000, 0x00000000e5500000|  0%| F|  |TAMS 0x00000000e5400000, 0x00000000e5400000| Untracked 
|  85|0x00000000e5500000, 0x00000000e5500000, 0x00000000e5600000|  0%| F|  |TAMS 0x00000000e5500000, 0x00000000e5500000| Untracked 
|  86|0x00000000e5600000, 0x00000000e5600000, 0x00000000e5700000|  0%| F|  |TAMS 0x00000000e5600000, 0x00000000e5600000| Untracked 
|  87|0x00000000e5700000, 0x00000000e5700000, 0x00000000e5800000|  0%| F|  |TAMS 0x00000000e5700000, 0x00000000e5700000| Untracked 
|  88|0x00000000e5800000, 0x00000000e5800000, 0x00000000e5900000|  0%| F|  |TAMS 0x00000000e5800000, 0x00000000e5800000| Untracked 
|  89|0x00000000e5900000, 0x00000000e5900000, 0x00000000e5a00000|  0%| F|  |TAMS 0x00000000e5900000, 0x00000000e5900000| Untracked 
|  90|0x00000000e5a00000, 0x00000000e5a00000, 0x00000000e5b00000|  0%| F|  |TAMS 0x00000000e5a00000, 0x00000000e5a00000| Untracked 
|  91|0x00000000e5b00000, 0x00000000e5b00000, 0x00000000e5c00000|  0%| F|  |TAMS 0x00000000e5b00000, 0x00000000e5b00000| Untracked 
|  92|0x00000000e5c00000, 0x00000000e5c00000, 0x00000000e5d00000|  0%| F|  |TAMS 0x00000000e5c00000, 0x00000000e5c00000| Untracked 
|  93|0x00000000e5d00000, 0x00000000e5d00000, 0x00000000e5e00000|  0%| F|  |TAMS 0x00000000e5d00000, 0x00000000e5d00000| Untracked 
|  94|0x00000000e5e00000, 0x00000000e5e00000, 0x00000000e5f00000|  0%| F|  |TAMS 0x00000000e5e00000, 0x00000000e5e00000| Untracked 
|  95|0x00000000e5f00000, 0x00000000e5f00000, 0x00000000e6000000|  0%| F|  |TAMS 0x00000000e5f00000, 0x00000000e5f00000| Untracked 
|  96|0x00000000e6000000, 0x00000000e6000000, 0x00000000e6100000|  0%| F|  |TAMS 0x00000000e6000000, 0x00000000e6000000| Untracked 
|  97|0x00000000e6100000, 0x00000000e6100000, 0x00000000e6200000|  0%| F|  |TAMS 0x00000000e6100000, 0x00000000e6100000| Untracked 
|  98|0x00000000e6200000, 0x00000000e6200000, 0x00000000e6300000|  0%| F|  |TAMS 0x00000000e6200000, 0x00000000e6200000| Untracked 
|  99|0x00000000e6300000, 0x00000000e6300000, 0x00000000e6400000|  0%| F|  |TAMS 0x00000000e6300000, 0x00000000e6300000| Untracked 
| 100|0x00000000e6400000, 0x00000000e6400000, 0x00000000e6500000|  0%| F|  |TAMS 0x00000000e6400000, 0x00000000e6400000| Untracked 
| 101|0x00000000e6500000, 0x00000000e6500000, 0x00000000e6600000|  0%| F|  |TAMS 0x00000000e6500000, 0x00000000e6500000| Untracked 
| 102|0x00000000e6600000, 0x00000000e6600000, 0x00000000e6700000|  0%| F|  |TAMS 0x00000000e6600000, 0x00000000e6600000| Untracked 
| 103|0x00000000e6700000, 0x00000000e6700000, 0x00000000e6800000|  0%| F|  |TAMS 0x00000000e6700000, 0x00000000e6700000| Untracked 
| 104|0x00000000e6800000, 0x00000000e6800000, 0x00000000e6900000|  0%| F|  |TAMS 0x00000000e6800000, 0x00000000e6800000| Untracked 
| 105|0x00000000e6900000, 0x00000000e6900000, 0x00000000e6a00000|  0%| F|  |TAMS 0x00000000e6900000, 0x00000000e6900000| Untracked 
| 106|0x00000000e6a00000, 0x00000000e6a00000, 0x00000000e6b00000|  0%| F|  |TAMS 0x00000000e6a00000, 0x00000000e6a00000| Untracked 
| 107|0x00000000e6b00000, 0x00000000e6b00000, 0x00000000e6c00000|  0%| F|  |TAMS 0x00000000e6b00000, 0x00000000e6b00000| Untracked 
| 108|0x00000000e6c00000, 0x00000000e6c00000, 0x00000000e6d00000|  0%| F|  |TAMS 0x00000000e6c00000, 0x00000000e6c00000| Untracked 
| 109|0x00000000e6d00000, 0x00000000e6d00000, 0x00000000e6e00000|  0%| F|  |TAMS 0x00000000e6d00000, 0x00000000e6d00000| Untracked 
| 110|0x00000000e6e00000, 0x00000000e6e00000, 0x00000000e6f00000|  0%| F|  |TAMS 0x00000000e6e00000, 0x00000000e6e00000| Untracked 
| 111|0x00000000e6f00000, 0x00000000e6f00000, 0x00000000e7000000|  0%| F|  |TAMS 0x00000000e6f00000, 0x00000000e6f00000| Untracked 
| 112|0x00000000e7000000, 0x00000000e7000000, 0x00000000e7100000|  0%| F|  |TAMS 0x00000000e7000000, 0x00000000e7000000| Untracked 
| 113|0x00000000e7100000, 0x00000000e7100000, 0x00000000e7200000|  0%| F|  |TAMS 0x00000000e7100000, 0x00000000e7100000| Untracked 
| 114|0x00000000e7200000, 0x00000000e7200000, 0x00000000e7300000|  0%| F|  |TAMS 0x00000000e7200000, 0x00000000e7200000| Untracked 
| 115|0x00000000e7300000, 0x00000000e7300000, 0x00000000e7400000|  0%| F|  |TAMS 0x00000000e7300000, 0x00000000e7300000| Untracked 
| 116|0x00000000e7400000, 0x00000000e7400000, 0x00000000e7500000|  0%| F|  |TAMS 0x00000000e7400000, 0x00000000e7400000| Untracked 
| 117|0x00000000e7500000, 0x00000000e7500000, 0x00000000e7600000|  0%| F|  |TAMS 0x00000000e7500000, 0x00000000e7500000| Untracked 
| 118|0x00000000e7600000, 0x00000000e7600000, 0x00000000e7700000|  0%| F|  |TAMS 0x00000000e7600000, 0x00000000e7600000| Untracked 
| 119|0x00000000e7700000, 0x00000000e7700000, 0x00000000e7800000|  0%| F|  |TAMS 0x00000000e7700000, 0x00000000e7700000| Untracked 
| 120|0x00000000e7800000, 0x00000000e7800000, 0x00000000e7900000|  0%| F|  |TAMS 0x00000000e7800000, 0x00000000e7800000| Untracked 
| 121|0x00000000e7900000, 0x00000000e7900000, 0x00000000e7a00000|  0%| F|  |TAMS 0x00000000e7900000, 0x00000000e7900000| Untracked 
| 122|0x00000000e7a00000, 0x00000000e7a00000, 0x00000000e7b00000|  0%| F|  |TAMS 0x00000000e7a00000, 0x00000000e7a00000| Untracked 
| 123|0x00000000e7b00000, 0x00000000e7b00000, 0x00000000e7c00000|  0%| F|  |TAMS 0x00000000e7b00000, 0x00000000e7b00000| Untracked 
| 124|0x00000000e7c00000, 0x00000000e7c00000, 0x00000000e7d00000|  0%| F|  |TAMS 0x00000000e7c00000, 0x00000000e7c00000| Untracked 
| 125|0x00000000e7d00000, 0x00000000e7d00000, 0x00000000e7e00000|  0%| F|  |TAMS 0x00000000e7d00000, 0x00000000e7d00000| Untracked 
| 126|0x00000000e7e00000, 0x00000000e7e00000, 0x00000000e7f00000|  0%| F|  |TAMS 0x00000000e7e00000, 0x00000000e7e00000| Untracked 
| 127|0x00000000e7f00000, 0x00000000e7f00000, 0x00000000e8000000|  0%| F|  |TAMS 0x00000000e7f00000, 0x00000000e7f00000| Untracked 
| 128|0x00000000e8000000, 0x00000000e8000000, 0x00000000e8100000|  0%| F|  |TAMS 0x00000000e8000000, 0x00000000e8000000| Untracked 
| 129|0x00000000e8100000, 0x00000000e8100000, 0x00000000e8200000|  0%| F|  |TAMS 0x00000000e8100000, 0x00000000e8100000| Untracked 
| 130|0x00000000e8200000, 0x00000000e8200000, 0x00000000e8300000|  0%| F|  |TAMS 0x00000000e8200000, 0x00000000e8200000| Untracked 
| 131|0x00000000e8300000, 0x00000000e8300000, 0x00000000e8400000|  0%| F|  |TAMS 0x00000000e8300000, 0x00000000e8300000| Untracked 
| 132|0x00000000e8400000, 0x00000000e8400000, 0x00000000e8500000|  0%| F|  |TAMS 0x00000000e8400000, 0x00000000e8400000| Untracked 
| 133|0x00000000e8500000, 0x00000000e8500000, 0x00000000e8600000|  0%| F|  |TAMS 0x00000000e8500000, 0x00000000e8500000| Untracked 
| 134|0x00000000e8600000, 0x00000000e8600000, 0x00000000e8700000|  0%| F|  |TAMS 0x00000000e8600000, 0x00000000e8600000| Untracked 
| 135|0x00000000e8700000, 0x00000000e8700000, 0x00000000e8800000|  0%| F|  |TAMS 0x00000000e8700000, 0x00000000e8700000| Untracked 
| 136|0x00000000e8800000, 0x00000000e8800000, 0x00000000e8900000|  0%| F|  |TAMS 0x00000000e8800000, 0x00000000e8800000| Untracked 
| 137|0x00000000e8900000, 0x00000000e8900000, 0x00000000e8a00000|  0%| F|  |TAMS 0x00000000e8900000, 0x00000000e8900000| Untracked 
| 138|0x00000000e8a00000, 0x00000000e8a00000, 0x00000000e8b00000|  0%| F|  |TAMS 0x00000000e8a00000, 0x00000000e8a00000| Untracked 
| 139|0x00000000e8b00000, 0x00000000e8b00000, 0x00000000e8c00000|  0%| F|  |TAMS 0x00000000e8b00000, 0x00000000e8b00000| Untracked 
| 140|0x00000000e8c00000, 0x00000000e8c00000, 0x00000000e8d00000|  0%| F|  |TAMS 0x00000000e8c00000, 0x00000000e8c00000| Untracked 
| 141|0x00000000e8d00000, 0x00000000e8d00000, 0x00000000e8e00000|  0%| F|  |TAMS 0x00000000e8d00000, 0x00000000e8d00000| Untracked 
| 142|0x00000000e8e00000, 0x00000000e8e00000, 0x00000000e8f00000|  0%| F|  |TAMS 0x00000000e8e00000, 0x00000000e8e00000| Untracked 
| 143|0x00000000e8f00000, 0x00000000e8f00000, 0x00000000e9000000|  0%| F|  |TAMS 0x00000000e8f00000, 0x00000000e8f00000| Untracked 
| 144|0x00000000e9000000, 0x00000000e9000000, 0x00000000e9100000|  0%| F|  |TAMS 0x00000000e9000000, 0x00000000e9000000| Untracked 
| 145|0x00000000e9100000, 0x00000000e9100000, 0x00000000e9200000|  0%| F|  |TAMS 0x00000000e9100000, 0x00000000e9100000| Untracked 
| 146|0x00000000e9200000, 0x00000000e9200000, 0x00000000e9300000|  0%| F|  |TAMS 0x00000000e9200000, 0x00000000e9200000| Untracked 
| 147|0x00000000e9300000, 0x00000000e9300000, 0x00000000e9400000|  0%| F|  |TAMS 0x00000000e9300000, 0x00000000e9300000| Untracked 
| 148|0x00000000e9400000, 0x00000000e9400000, 0x00000000e9500000|  0%| F|  |TAMS 0x00000000e9400000, 0x00000000e9400000| Untracked 
| 149|0x00000000e9500000, 0x00000000e9500000, 0x00000000e9600000|  0%| F|  |TAMS 0x00000000e9500000, 0x00000000e9500000| Untracked 
| 150|0x00000000e9600000, 0x00000000e9600000, 0x00000000e9700000|  0%| F|  |TAMS 0x00000000e9600000, 0x00000000e9600000| Untracked 
| 151|0x00000000e9700000, 0x00000000e9700000, 0x00000000e9800000|  0%| F|  |TAMS 0x00000000e9700000, 0x00000000e9700000| Untracked 
| 152|0x00000000e9800000, 0x00000000e9800000, 0x00000000e9900000|  0%| F|  |TAMS 0x00000000e9800000, 0x00000000e9800000| Untracked 
| 153|0x00000000e9900000, 0x00000000e9900000, 0x00000000e9a00000|  0%| F|  |TAMS 0x00000000e9900000, 0x00000000e9900000| Untracked 
| 154|0x00000000e9a00000, 0x00000000e9a00000, 0x00000000e9b00000|  0%| F|  |TAMS 0x00000000e9a00000, 0x00000000e9a00000| Untracked 
| 155|0x00000000e9b00000, 0x00000000e9b00000, 0x00000000e9c00000|  0%| F|  |TAMS 0x00000000e9b00000, 0x00000000e9b00000| Untracked 
| 156|0x00000000e9c00000, 0x00000000e9c00000, 0x00000000e9d00000|  0%| F|  |TAMS 0x00000000e9c00000, 0x00000000e9c00000| Untracked 
| 157|0x00000000e9d00000, 0x00000000e9d00000, 0x00000000e9e00000|  0%| F|  |TAMS 0x00000000e9d00000, 0x00000000e9d00000| Untracked 
| 158|0x00000000e9e00000, 0x00000000e9e00000, 0x00000000e9f00000|  0%| F|  |TAMS 0x00000000e9e00000, 0x00000000e9e00000| Untracked 
| 159|0x00000000e9f00000, 0x00000000e9f837b0, 0x00000000ea000000| 51%| E|  |TAMS 0x00000000e9f00000, 0x00000000e9f00000| Complete 
| 160|0x00000000ea000000, 0x00000000ea100000, 0x00000000ea100000|100%| E|  |TAMS 0x00000000ea000000, 0x00000000ea000000| Complete 
| 161|0x00000000ea100000, 0x00000000ea200000, 0x00000000ea200000|100%| E|CS|TAMS 0x00000000ea100000, 0x00000000ea100000| Complete 
| 162|0x00000000ea200000, 0x00000000ea300000, 0x00000000ea300000|100%| E|CS|TAMS 0x00000000ea200000, 0x00000000ea200000| Complete 
| 163|0x00000000ea300000, 0x00000000ea400000, 0x00000000ea400000|100%| E|CS|TAMS 0x00000000ea300000, 0x00000000ea300000| Complete 
| 164|0x00000000ea400000, 0x00000000ea500000, 0x00000000ea500000|100%| E|CS|TAMS 0x00000000ea400000, 0x00000000ea400000| Complete 
| 165|0x00000000ea500000, 0x00000000ea600000, 0x00000000ea600000|100%| E|CS|TAMS 0x00000000ea500000, 0x00000000ea500000| Complete 
| 166|0x00000000ea600000, 0x00000000ea700000, 0x00000000ea700000|100%| E|CS|TAMS 0x00000000ea600000, 0x00000000ea600000| Complete 
| 167|0x00000000ea700000, 0x00000000ea800000, 0x00000000ea800000|100%| E|CS|TAMS 0x00000000ea700000, 0x00000000ea700000| Complete 
| 168|0x00000000ea800000, 0x00000000ea900000, 0x00000000ea900000|100%| E|CS|TAMS 0x00000000ea800000, 0x00000000ea800000| Complete 
| 169|0x00000000ea900000, 0x00000000eaa00000, 0x00000000eaa00000|100%| E|CS|TAMS 0x00000000ea900000, 0x00000000ea900000| Complete 
| 170|0x00000000eaa00000, 0x00000000eab00000, 0x00000000eab00000|100%| E|CS|TAMS 0x00000000eaa00000, 0x00000000eaa00000| Complete 
| 171|0x00000000eab00000, 0x00000000eac00000, 0x00000000eac00000|100%| E|CS|TAMS 0x00000000eab00000, 0x00000000eab00000| Complete 
| 172|0x00000000eac00000, 0x00000000ead00000, 0x00000000ead00000|100%| E|CS|TAMS 0x00000000eac00000, 0x00000000eac00000| Complete 
| 173|0x00000000ead00000, 0x00000000eae00000, 0x00000000eae00000|100%| E|CS|TAMS 0x00000000ead00000, 0x00000000ead00000| Complete 
| 174|0x00000000eae00000, 0x00000000eaf00000, 0x00000000eaf00000|100%| E|CS|TAMS 0x00000000eae00000, 0x00000000eae00000| Complete 
| 175|0x00000000eaf00000, 0x00000000eb000000, 0x00000000eb000000|100%| E|CS|TAMS 0x00000000eaf00000, 0x00000000eaf00000| Complete 
| 176|0x00000000eb000000, 0x00000000eb100000, 0x00000000eb100000|100%| E|CS|TAMS 0x00000000eb000000, 0x00000000eb000000| Complete 
| 177|0x00000000eb100000, 0x00000000eb200000, 0x00000000eb200000|100%| E|CS|TAMS 0x00000000eb100000, 0x00000000eb100000| Complete 
| 178|0x00000000eb200000, 0x00000000eb300000, 0x00000000eb300000|100%| E|CS|TAMS 0x00000000eb200000, 0x00000000eb200000| Complete 
| 179|0x00000000eb300000, 0x00000000eb400000, 0x00000000eb400000|100%| E|CS|TAMS 0x00000000eb300000, 0x00000000eb300000| Complete 
| 180|0x00000000eb400000, 0x00000000eb500000, 0x00000000eb500000|100%| E|CS|TAMS 0x00000000eb400000, 0x00000000eb400000| Complete 
| 181|0x00000000eb500000, 0x00000000eb600000, 0x00000000eb600000|100%| E|CS|TAMS 0x00000000eb500000, 0x00000000eb500000| Complete 
| 182|0x00000000eb600000, 0x00000000eb700000, 0x00000000eb700000|100%| E|CS|TAMS 0x00000000eb600000, 0x00000000eb600000| Complete 
| 183|0x00000000eb700000, 0x00000000eb800000, 0x00000000eb800000|100%| E|CS|TAMS 0x00000000eb700000, 0x00000000eb700000| Complete 
| 184|0x00000000eb800000, 0x00000000eb900000, 0x00000000eb900000|100%| E|CS|TAMS 0x00000000eb800000, 0x00000000eb800000| Complete 
| 185|0x00000000eb900000, 0x00000000eba00000, 0x00000000eba00000|100%| E|CS|TAMS 0x00000000eb900000, 0x00000000eb900000| Complete 
| 186|0x00000000eba00000, 0x00000000ebb00000, 0x00000000ebb00000|100%| E|CS|TAMS 0x00000000eba00000, 0x00000000eba00000| Complete 
| 187|0x00000000ebb00000, 0x00000000ebc00000, 0x00000000ebc00000|100%| E|CS|TAMS 0x00000000ebb00000, 0x00000000ebb00000| Complete 
| 188|0x00000000ebc00000, 0x00000000ebd00000, 0x00000000ebd00000|100%| E|CS|TAMS 0x00000000ebc00000, 0x00000000ebc00000| Complete 
| 189|0x00000000ebd00000, 0x00000000ebe00000, 0x00000000ebe00000|100%| E|CS|TAMS 0x00000000ebd00000, 0x00000000ebd00000| Complete 
| 190|0x00000000ebe00000, 0x00000000ebf00000, 0x00000000ebf00000|100%| E|CS|TAMS 0x00000000ebe00000, 0x00000000ebe00000| Complete 
| 191|0x00000000ebf00000, 0x00000000ec000000, 0x00000000ec000000|100%| E|CS|TAMS 0x00000000ebf00000, 0x00000000ebf00000| Complete 
| 192|0x00000000ec000000, 0x00000000ec100000, 0x00000000ec100000|100%| E|CS|TAMS 0x00000000ec000000, 0x00000000ec000000| Complete 
| 193|0x00000000ec100000, 0x00000000ec200000, 0x00000000ec200000|100%| E|CS|TAMS 0x00000000ec100000, 0x00000000ec100000| Complete 
| 194|0x00000000ec200000, 0x00000000ec300000, 0x00000000ec300000|100%| E|CS|TAMS 0x00000000ec200000, 0x00000000ec200000| Complete 
| 195|0x00000000ec300000, 0x00000000ec400000, 0x00000000ec400000|100%| E|CS|TAMS 0x00000000ec300000, 0x00000000ec300000| Complete 
| 196|0x00000000ec400000, 0x00000000ec500000, 0x00000000ec500000|100%| E|CS|TAMS 0x00000000ec400000, 0x00000000ec400000| Complete 
| 197|0x00000000ec500000, 0x00000000ec600000, 0x00000000ec600000|100%| E|CS|TAMS 0x00000000ec500000, 0x00000000ec500000| Complete 
| 198|0x00000000ec600000, 0x00000000ec700000, 0x00000000ec700000|100%| E|CS|TAMS 0x00000000ec600000, 0x00000000ec600000| Complete 
| 199|0x00000000ec700000, 0x00000000ec800000, 0x00000000ec800000|100%| E|CS|TAMS 0x00000000ec700000, 0x00000000ec700000| Complete 
| 200|0x00000000ec800000, 0x00000000ec900000, 0x00000000ec900000|100%| E|CS|TAMS 0x00000000ec800000, 0x00000000ec800000| Complete 
| 201|0x00000000ec900000, 0x00000000eca00000, 0x00000000eca00000|100%| E|CS|TAMS 0x00000000ec900000, 0x00000000ec900000| Complete 
| 202|0x00000000eca00000, 0x00000000ecb00000, 0x00000000ecb00000|100%| E|CS|TAMS 0x00000000eca00000, 0x00000000eca00000| Complete 
| 203|0x00000000ecb00000, 0x00000000ecbb1e40, 0x00000000ecc00000| 69%| S|CS|TAMS 0x00000000ecb00000, 0x00000000ecb00000| Complete 
| 204|0x00000000ecc00000, 0x00000000ecd00000, 0x00000000ecd00000|100%| S|CS|TAMS 0x00000000ecc00000, 0x00000000ecc00000| Complete 
| 205|0x00000000ecd00000, 0x00000000ece00000, 0x00000000ece00000|100%| S|CS|TAMS 0x00000000ecd00000, 0x00000000ecd00000| Complete 
| 206|0x00000000ece00000, 0x00000000ecf00000, 0x00000000ecf00000|100%| S|CS|TAMS 0x00000000ece00000, 0x00000000ece00000| Complete 
| 207|0x00000000ecf00000, 0x00000000ed000000, 0x00000000ed000000|100%| S|CS|TAMS 0x00000000ecf00000, 0x00000000ecf00000| Complete 
| 208|0x00000000ed000000, 0x00000000ed100000, 0x00000000ed100000|100%| S|CS|TAMS 0x00000000ed000000, 0x00000000ed000000| Complete 
| 209|0x00000000ed100000, 0x00000000ed200000, 0x00000000ed200000|100%| S|CS|TAMS 0x00000000ed100000, 0x00000000ed100000| Complete 
| 210|0x00000000ed200000, 0x00000000ed300000, 0x00000000ed300000|100%| S|CS|TAMS 0x00000000ed200000, 0x00000000ed200000| Complete 
| 211|0x00000000ed300000, 0x00000000ed400000, 0x00000000ed400000|100%| S|CS|TAMS 0x00000000ed300000, 0x00000000ed300000| Complete 
| 212|0x00000000ed400000, 0x00000000ed500000, 0x00000000ed500000|100%| S|CS|TAMS 0x00000000ed400000, 0x00000000ed400000| Complete 
| 213|0x00000000ed500000, 0x00000000ed600000, 0x00000000ed600000|100%| S|CS|TAMS 0x00000000ed500000, 0x00000000ed500000| Complete 
| 214|0x00000000ed600000, 0x00000000ed700000, 0x00000000ed700000|100%| E|CS|TAMS 0x00000000ed600000, 0x00000000ed600000| Complete 
| 215|0x00000000ed700000, 0x00000000ed800000, 0x00000000ed800000|100%| E|CS|TAMS 0x00000000ed700000, 0x00000000ed700000| Complete 
| 216|0x00000000ed800000, 0x00000000ed900000, 0x00000000ed900000|100%| E|CS|TAMS 0x00000000ed800000, 0x00000000ed800000| Complete 
| 217|0x00000000ed900000, 0x00000000eda00000, 0x00000000eda00000|100%| E|CS|TAMS 0x00000000ed900000, 0x00000000ed900000| Complete 
| 218|0x00000000eda00000, 0x00000000edb00000, 0x00000000edb00000|100%| E|CS|TAMS 0x00000000eda00000, 0x00000000eda00000| Complete 
| 219|0x00000000edb00000, 0x00000000edc00000, 0x00000000edc00000|100%| E|CS|TAMS 0x00000000edb00000, 0x00000000edb00000| Complete 
| 220|0x00000000edc00000, 0x00000000edd00000, 0x00000000edd00000|100%| E|CS|TAMS 0x00000000edc00000, 0x00000000edc00000| Complete 
| 221|0x00000000edd00000, 0x00000000ede00000, 0x00000000ede00000|100%| E|CS|TAMS 0x00000000edd00000, 0x00000000edd00000| Complete 
| 222|0x00000000ede00000, 0x00000000edf00000, 0x00000000edf00000|100%| E|CS|TAMS 0x00000000ede00000, 0x00000000ede00000| Complete 
| 223|0x00000000edf00000, 0x00000000ee000000, 0x00000000ee000000|100%| E|CS|TAMS 0x00000000edf00000, 0x00000000edf00000| Complete 
| 224|0x00000000ee000000, 0x00000000ee100000, 0x00000000ee100000|100%| E|CS|TAMS 0x00000000ee000000, 0x00000000ee000000| Complete 
| 225|0x00000000ee100000, 0x00000000ee200000, 0x00000000ee200000|100%| E|CS|TAMS 0x00000000ee100000, 0x00000000ee100000| Complete 
| 226|0x00000000ee200000, 0x00000000ee300000, 0x00000000ee300000|100%| E|CS|TAMS 0x00000000ee200000, 0x00000000ee200000| Complete 
| 227|0x00000000ee300000, 0x00000000ee400000, 0x00000000ee400000|100%| E|CS|TAMS 0x00000000ee300000, 0x00000000ee300000| Complete 
| 228|0x00000000ee400000, 0x00000000ee500000, 0x00000000ee500000|100%| E|CS|TAMS 0x00000000ee400000, 0x00000000ee400000| Complete 
| 229|0x00000000ee500000, 0x00000000ee600000, 0x00000000ee600000|100%| E|CS|TAMS 0x00000000ee500000, 0x00000000ee500000| Complete 
| 230|0x00000000ee600000, 0x00000000ee700000, 0x00000000ee700000|100%| E|CS|TAMS 0x00000000ee600000, 0x00000000ee600000| Complete 
| 231|0x00000000ee700000, 0x00000000ee800000, 0x00000000ee800000|100%| E|CS|TAMS 0x00000000ee700000, 0x00000000ee700000| Complete 
| 232|0x00000000ee800000, 0x00000000ee900000, 0x00000000ee900000|100%| E|CS|TAMS 0x00000000ee800000, 0x00000000ee800000| Complete 
| 233|0x00000000ee900000, 0x00000000eea00000, 0x00000000eea00000|100%| E|CS|TAMS 0x00000000ee900000, 0x00000000ee900000| Complete 
| 234|0x00000000eea00000, 0x00000000eeb00000, 0x00000000eeb00000|100%| E|CS|TAMS 0x00000000eea00000, 0x00000000eea00000| Complete 
| 235|0x00000000eeb00000, 0x00000000eec00000, 0x00000000eec00000|100%| E|CS|TAMS 0x00000000eeb00000, 0x00000000eeb00000| Complete 
| 236|0x00000000eec00000, 0x00000000eed00000, 0x00000000eed00000|100%| E|CS|TAMS 0x00000000eec00000, 0x00000000eec00000| Complete 
| 237|0x00000000eed00000, 0x00000000eee00000, 0x00000000eee00000|100%| E|CS|TAMS 0x00000000eed00000, 0x00000000eed00000| Complete 
| 238|0x00000000eee00000, 0x00000000eef00000, 0x00000000eef00000|100%| E|CS|TAMS 0x00000000eee00000, 0x00000000eee00000| Complete 
| 239|0x00000000eef00000, 0x00000000ef000000, 0x00000000ef000000|100%| E|CS|TAMS 0x00000000eef00000, 0x00000000eef00000| Complete 
| 240|0x00000000ef000000, 0x00000000ef100000, 0x00000000ef100000|100%| E|CS|TAMS 0x00000000ef000000, 0x00000000ef000000| Complete 
| 241|0x00000000ef100000, 0x00000000ef200000, 0x00000000ef200000|100%| E|CS|TAMS 0x00000000ef100000, 0x00000000ef100000| Complete 
| 242|0x00000000ef200000, 0x00000000ef300000, 0x00000000ef300000|100%| E|CS|TAMS 0x00000000ef200000, 0x00000000ef200000| Complete 
| 243|0x00000000ef300000, 0x00000000ef400000, 0x00000000ef400000|100%| E|CS|TAMS 0x00000000ef300000, 0x00000000ef300000| Complete 
| 244|0x00000000ef400000, 0x00000000ef500000, 0x00000000ef500000|100%| E|CS|TAMS 0x00000000ef400000, 0x00000000ef400000| Complete 
| 245|0x00000000ef500000, 0x00000000ef600000, 0x00000000ef600000|100%| E|CS|TAMS 0x00000000ef500000, 0x00000000ef500000| Complete 
| 246|0x00000000ef600000, 0x00000000ef700000, 0x00000000ef700000|100%| E|CS|TAMS 0x00000000ef600000, 0x00000000ef600000| Complete 
| 247|0x00000000ef700000, 0x00000000ef800000, 0x00000000ef800000|100%| E|CS|TAMS 0x00000000ef700000, 0x00000000ef700000| Complete 
| 248|0x00000000ef800000, 0x00000000ef900000, 0x00000000ef900000|100%| E|CS|TAMS 0x00000000ef800000, 0x00000000ef800000| Complete 
| 249|0x00000000ef900000, 0x00000000efa00000, 0x00000000efa00000|100%| E|CS|TAMS 0x00000000ef900000, 0x00000000ef900000| Complete 
| 250|0x00000000efa00000, 0x00000000efb00000, 0x00000000efb00000|100%| E|CS|TAMS 0x00000000efa00000, 0x00000000efa00000| Complete 
| 251|0x00000000efb00000, 0x00000000efc00000, 0x00000000efc00000|100%| E|CS|TAMS 0x00000000efb00000, 0x00000000efb00000| Complete 
| 252|0x00000000efc00000, 0x00000000efd00000, 0x00000000efd00000|100%| E|CS|TAMS 0x00000000efc00000, 0x00000000efc00000| Complete 
| 253|0x00000000efd00000, 0x00000000efe00000, 0x00000000efe00000|100%| E|CS|TAMS 0x00000000efd00000, 0x00000000efd00000| Complete 
| 254|0x00000000efe00000, 0x00000000eff00000, 0x00000000eff00000|100%| E|CS|TAMS 0x00000000efe00000, 0x00000000efe00000| Complete 
| 255|0x00000000eff00000, 0x00000000f0000000, 0x00000000f0000000|100%| E|CS|TAMS 0x00000000eff00000, 0x00000000eff00000| Complete 

Card table byte_map: [0x000001d252380000,0x000001d252480000] _byte_map_base: 0x000001d251c80000

Marking Bits (Prev, Next): (CMBitMap*) 0x000001d23b88a7c0, (CMBitMap*) 0x000001d23b88a788
 Prev Bits: [0x000001d252d80000, 0x000001d253580000)
 Next Bits: [0x000001d252580000, 0x000001d252d80000)

Polling page: 0x000001d23b040000

Metaspace:

Usage:
  Non-class:     53.08 MB capacity,    51.72 MB ( 97%) used,     1.12 MB (  2%) free+waste,   239.50 KB ( <1%) overhead. 
      Class:      8.82 MB capacity,     7.96 MB ( 90%) used,   766.64 KB (  8%) free+waste,   119.50 KB (  1%) overhead. 
       Both:     61.90 MB capacity,    59.68 MB ( 96%) used,     1.87 MB (  3%) free+waste,   359.00 KB ( <1%) overhead. 

Virtual space:
  Non-class space:       54.00 MB reserved,      53.33 MB ( 99%) committed 
      Class space:      376.00 MB reserved,       8.88 MB (  2%) committed 
             Both:      430.00 MB reserved,      62.20 MB ( 14%) committed 

Chunk freelists:
   Non-Class:  384 bytes
       Class:  0 bytes
        Both:  384 bytes

CodeHeap 'non-profiled nmethods': size=120000Kb used=3291Kb max_used=3291Kb free=116708Kb
 bounds [0x000001d24aa20000, 0x000001d24ad60000, 0x000001d251f50000]
CodeHeap 'profiled nmethods': size=120000Kb used=13694Kb max_used=13694Kb free=106305Kb
 bounds [0x000001d2434f0000, 0x000001d244250000, 0x000001d24aa20000]
CodeHeap 'non-nmethods': size=5760Kb used=2238Kb max_used=2282Kb free=3521Kb
 bounds [0x000001d242f50000, 0x000001d2431c0000, 0x000001d2434f0000]
 total_blobs=7957 nmethods=7137 adapters=730
 compilation: enabled
              stopped_count=0, restarted_count=0
 full_count=0

Compilation events (10 events):
Event: 20.039 Thread 0x000001d25690d800 7179       2       io.spring.gradle.dependencymanagement.org.codehaus.plexus.interpolation.PrefixAwareRecursionInterceptor::expressionResolutionStarted (23 bytes)
Event: 20.040 Thread 0x000001d25690d800 nmethod 7179 0x000001d24421dd90 code [0x000001d24421df60, 0x000001d24421e448]
Event: 20.040 Thread 0x000001d25690d800 7181       2       io.spring.gradle.dependencymanagement.org.codehaus.plexus.interpolation.PrefixAwareRecursionInterceptor::expressionResolutionFinished (9 bytes)
Event: 20.040 Thread 0x000001d25690d800 nmethod 7181 0x000001d24421e790 code [0x000001d24421e980, 0x000001d24421f228]
Event: 20.040 Thread 0x000001d25690d800 7182       2       io.spring.gradle.dependencymanagement.org.apache.maven.model.validation.DefaultModelValidator::hasExpression (20 bytes)
Event: 20.040 Thread 0x000001d25690d800 nmethod 7182 0x000001d24421f590 code [0x000001d24421f740, 0x000001d24421f8a8]
Event: 20.042 Thread 0x000001d25690d800 7184   !   2       java.io.StringReader::read (133 bytes)
Event: 20.043 Thread 0x000001d25690d800 nmethod 7184 0x000001d24421f990 code [0x000001d24421fb80, 0x000001d244220148]
Event: 20.043 Thread 0x000001d25690d800 7185       2       java.io.StringReader::ensureOpen (18 bytes)
Event: 20.043 Thread 0x000001d25690d800 nmethod 7185 0x000001d244220510 code [0x000001d2442206c0, 0x000001d244220868]

GC Heap History (10 events):
Event: 9.521 GC heap before
{Heap before GC invocations=4 (full 0):
 garbage-first heap   total 262144K, used 94916K [0x00000000e0000000, 0x0000000100000000)
  region size 1024K, 75 young (76800K), 2 survivors (2048K)
 Metaspace       used 28511K, capacity 29271K, committed 29360K, reserved 411648K
  class space    used 3744K, capacity 4023K, committed 4096K, reserved 385024K
}
Event: 9.526 GC heap after
{Heap after GC invocations=5 (full 0):
 garbage-first heap   total 262144K, used 22204K [0x00000000e0000000, 0x0000000100000000)
  region size 1024K, 4 young (4096K), 4 survivors (4096K)
 Metaspace       used 28511K, capacity 29271K, committed 29360K, reserved 411648K
  class space    used 3744K, capacity 4023K, committed 4096K, reserved 385024K
}
Event: 10.699 GC heap before
{Heap before GC invocations=5 (full 0):
 garbage-first heap   total 262144K, used 94908K [0x00000000e0000000, 0x0000000100000000)
  region size 1024K, 76 young (77824K), 4 survivors (4096K)
 Metaspace       used 34865K, capacity 35852K, committed 35920K, reserved 417792K
  class space    used 4701K, capacity 5094K, committed 5120K, reserved 385024K
}
Event: 10.707 GC heap after
{Heap after GC invocations=6 (full 0):
 garbage-first heap   total 262144K, used 24122K [0x00000000e0000000, 0x0000000100000000)
  region size 1024K, 6 young (6144K), 6 survivors (6144K)
 Metaspace       used 34865K, capacity 35852K, committed 35920K, reserved 417792K
  class space    used 4701K, capacity 5094K, committed 5120K, reserved 385024K
}
Event: 13.008 GC heap before
{Heap before GC invocations=7 (full 0):
 garbage-first heap   total 262144K, used 158266K [0x00000000e0000000, 0x0000000100000000)
  region size 1024K, 131 young (134144K), 6 survivors (6144K)
 Metaspace       used 47429K, capacity 48661K, committed 48720K, reserved 428032K
  class space    used 6142K, capacity 6636K, committed 6656K, reserved 385024K
}
Event: 13.028 GC heap after
{Heap after GC invocations=8 (full 0):
 garbage-first heap   total 262144K, used 32012K [0x00000000e0000000, 0x0000000100000000)
  region size 1024K, 13 young (13312K), 13 survivors (13312K)
 Metaspace       used 47429K, capacity 48661K, committed 48720K, reserved 428032K
  class space    used 6142K, capacity 6636K, committed 6656K, reserved 385024K
}
Event: 16.560 GC heap before
{Heap before GC invocations=8 (full 0):
 garbage-first heap   total 262144K, used 175372K [0x00000000e0000000, 0x0000000100000000)
  region size 1024K, 153 young (156672K), 13 survivors (13312K)
 Metaspace       used 55272K, capacity 57129K, committed 57424K, reserved 436224K
  class space    used 7378K, capacity 8122K, committed 8192K, reserved 385024K
}
Event: 16.585 GC heap after
{Heap after GC invocations=9 (full 0):
 garbage-first heap   total 262144K, used 38753K [0x00000000e0000000, 0x0000000100000000)
  region size 1024K, 17 young (17408K), 17 survivors (17408K)
 Metaspace       used 55272K, capacity 57129K, committed 57424K, reserved 436224K
  class space    used 7378K, capacity 8122K, committed 8192K, reserved 385024K
}
Event: 17.882 GC heap before
{Heap before GC invocations=9 (full 0):
 garbage-first heap   total 262144K, used 80737K [0x00000000e0000000, 0x0000000100000000)
  region size 1024K, 59 young (60416K), 17 survivors (17408K)
 Metaspace       used 58133K, capacity 60170K, committed 60240K, reserved 438272K
  class space    used 7853K, capacity 8659K, committed 8704K, reserved 385024K
}
Event: 17.909 GC heap after
{Heap after GC invocations=10 (full 0):
 garbage-first heap   total 262144K, used 42019K [0x00000000e0000000, 0x0000000100000000)
  region size 1024K, 11 young (11264K), 11 survivors (11264K)
 Metaspace       used 58133K, capacity 60170K, committed 60240K, reserved 438272K
  class space    used 7853K, capacity 8659K, committed 8704K, reserved 385024K
}

Deoptimization events (10 events):
Event: 18.439 Thread 0x000001d25a6e7000 Uncommon trap: reason=class_check action=maybe_recompile pc=0x000001d24ac9acd8 method=java.util.regex.Matcher.search(I)Z @ 121 c2
Event: 18.439 Thread 0x000001d25a6e7000 Uncommon trap: reason=class_check action=maybe_recompile pc=0x000001d24abd3cfc method=java.util.regex.Pattern$BmpCharProperty.match(Ljava/util/regex/Matcher;ILjava/lang/CharSequence;)Z @ 14 c2
Event: 18.560 Thread 0x000001d25a6e7000 Uncommon trap: reason=class_check action=maybe_recompile pc=0x000001d24abce244 method=java.util.regex.Matcher.getTextLength()I @ 4 c2
Event: 18.560 Thread 0x000001d25a6e7000 Uncommon trap: reason=class_check action=maybe_recompile pc=0x000001d24ac9acd8 method=java.util.regex.Matcher.search(I)Z @ 121 c2
Event: 18.580 Thread 0x000001d25a6e7000 Uncommon trap: reason=class_check action=maybe_recompile pc=0x000001d24abce244 method=java.util.regex.Matcher.getTextLength()I @ 4 c2
Event: 18.580 Thread 0x000001d25a6e7000 Uncommon trap: reason=class_check action=maybe_recompile pc=0x000001d24ac9acd8 method=java.util.regex.Matcher.search(I)Z @ 121 c2
Event: 18.629 Thread 0x000001d25a6e7000 Uncommon trap: reason=unstable_if action=reinterpret pc=0x000001d24ace08bc method=io.spring.gradle.dependencymanagement.org.codehaus.plexus.util.xml.pull.MXParser.nextImpl()I @ 934 c2
Event: 18.849 Thread 0x000001d25a6e7000 Uncommon trap: reason=unstable_if action=reinterpret pc=0x000001d24acea3ac method=io.spring.gradle.dependencymanagement.org.codehaus.plexus.util.xml.pull.MXParser.nextImpl()I @ 871 c2
Event: 19.373 Thread 0x000001d25a6e7000 Uncommon trap: reason=bimorphic_or_optimized_type_check action=maybe_recompile pc=0x000001d24aa7cdc4 method=java.util.HashMap.putVal(ILjava/lang/Object;Ljava/lang/Object;ZZ)Ljava/lang/Object; @ 203 c2
Event: 19.894 Thread 0x000001d25a6e7000 Uncommon trap: reason=intrinsic_or_type_checked_inlining action=make_not_entrant pc=0x000001d24ad4ed74 method=java.util.ArrayList.toArray([Ljava/lang/Object;)[Ljava/lang/Object; @ 36 c2

Classes redefined (0 events):
No events

Internal exceptions (10 events):
Event: 17.462 Thread 0x000001d25a6e7000 Exception <a 'java/lang/NoSuchMethodError'{0x00000000ede976a0}: java.lang.invoke.DirectMethodHandle$Holder.invokeInterface(Ljava/lang/Object;Ljava/lang/Object;Ljava/lang/Object;Ljava/lang/Object;)V> (0x00000000ede976a0) thrown at [./open/src/hotspot/share
Event: 17.581 Thread 0x000001d25a6e7000 Exception <a 'java/lang/IncompatibleClassChangeError'{0x00000000edb3d7b8}: Found class java.lang.Object, but interface was expected> (0x00000000edb3d7b8) thrown at [./open/src/hotspot/share/interpreter/linkResolver.cpp, line 838]
Event: 17.589 Thread 0x000001d2581b3800 Exception <a 'java/lang/NoSuchMethodError'{0x00000000edbb9a30}: static Lorg/gradle/internal/build/event/types/DefaultTaskStartedProgressEvent;.<clinit>()V> (0x00000000edbb9a30) thrown at [./open/src/hotspot/share/prims/jni.cpp, line 1366]
Event: 17.590 Thread 0x000001d2581b3800 Exception <a 'java/lang/NoSuchMethodError'{0x00000000edbbbb48}: static Lorg/gradle/internal/build/event/types/AbstractProgressEvent;.<clinit>()V> (0x00000000edbbbb48) thrown at [./open/src/hotspot/share/prims/jni.cpp, line 1366]
Event: 17.592 Thread 0x000001d2581b3800 Exception <a 'java/lang/NoSuchMethodError'{0x00000000edbc6b10}: static Lorg/gradle/internal/build/event/types/DefaultTaskDescriptor;.<clinit>()V> (0x00000000edbc6b10) thrown at [./open/src/hotspot/share/prims/jni.cpp, line 1366]
Event: 17.598 Thread 0x000001d2581b3800 Exception <a 'java/lang/NoSuchMethodError'{0x00000000eda73eb0}: static Lorg/gradle/internal/operations/OperationIdentifier;.<clinit>()V> (0x00000000eda73eb0) thrown at [./open/src/hotspot/share/prims/jni.cpp, line 1366]
Event: 17.599 Thread 0x000001d2581b3800 Exception <a 'java/lang/NoSuchMethodError'{0x00000000eda7e328}: static Lorg/gradle/internal/build/event/types/DefaultBinaryPluginIdentifier;.<clinit>()V> (0x00000000eda7e328) thrown at [./open/src/hotspot/share/prims/jni.cpp, line 1366]
Event: 17.839 Thread 0x000001d258fb0000 Implicit null exception at 0x000001d24aa648f6 to 0x000001d24aa65258
Event: 17.840 Thread 0x000001d258fb0000 Implicit null exception at 0x000001d24aa65979 to 0x000001d24aa662a0
Event: 18.032 Thread 0x000001d25a6e7000 Exception <a 'java/lang/IncompatibleClassChangeError'{0x00000000efe64860}: Found class java.lang.Object, but interface was expected> (0x00000000efe64860) thrown at [./open/src/hotspot/share/interpreter/linkResolver.cpp, line 838]

Events (10 events):
Event: 20.017 loading class io/spring/gradle/dependencymanagement/org/codehaus/plexus/interpolation/SimpleRecursionInterceptor
Event: 20.017 loading class io/spring/gradle/dependencymanagement/org/codehaus/plexus/interpolation/SimpleRecursionInterceptor done
Event: 20.022 Executing VM operation: Deoptimize
Event: 20.024 Executing VM operation: Deoptimize done
Event: 20.024 Executing VM operation: HandshakeAllThreads
Event: 20.024 Executing VM operation: HandshakeAllThreads done
Event: 20.025 loading class org/gradle/internal/classpath/declarations/FileInterceptorsDeclaration
Event: 20.025 loading class org/gradle/internal/classpath/declarations/FileInterceptorsDeclaration done
Event: 20.025 loading class org/gradle/internal/classpath/declarations/FileInterceptorsDeclaration
Event: 20.025 loading class org/gradle/internal/classpath/declarations/FileInterceptorsDeclaration done


Dynamic libraries:
0x00007ff6955c0000 - 0x00007ff6955d0000 	C:\Program Files\Java\jdk-11\bin\java.exe
0x00007ff900170000 - 0x00007ff900367000 	C:\WINDOWS\SYSTEM32\ntdll.dll
0x00007ff8d49e0000 - 0x00007ff8d49f9000 	C:\Program Files\AVAST Software\Avast\aswhook.dll
0x00007ff8fea90000 - 0x00007ff8feb4d000 	C:\WINDOWS\System32\KERNEL32.DLL
0x00007ff8fdea0000 - 0x00007ff8fe196000 	C:\WINDOWS\System32\KERNELBASE.dll
0x00007ff8fdae0000 - 0x00007ff8fdbe0000 	C:\WINDOWS\System32\ucrtbase.dll
0x00007ff8bffb0000 - 0x00007ff8bffc9000 	C:\Program Files\Java\jdk-11\bin\jli.dll
0x00007ff8ffe90000 - 0x00007ff8fff3e000 	C:\WINDOWS\System32\ADVAPI32.dll
0x00007ff8fe440000 - 0x00007ff8fe4de000 	C:\WINDOWS\System32\msvcrt.dll
0x00007ff8fe940000 - 0x00007ff8fe9dc000 	C:\WINDOWS\System32\sechost.dll
0x00007ff8fe810000 - 0x00007ff8fe936000 	C:\WINDOWS\System32\RPCRT4.dll
0x00007ff8b0450000 - 0x00007ff8b046b000 	C:\Program Files\Java\jdk-11\bin\VCRUNTIME140.dll
0x00007ff8fe670000 - 0x00007ff8fe80e000 	C:\WINDOWS\System32\USER32.dll
0x00007ff8fdbe0000 - 0x00007ff8fdc02000 	C:\WINDOWS\System32\win32u.dll
0x00007ff8fe9f0000 - 0x00007ff8fea1c000 	C:\WINDOWS\System32\GDI32.dll
0x00007ff8fd850000 - 0x00007ff8fd96a000 	C:\WINDOWS\System32\gdi32full.dll
0x00007ff8fde00000 - 0x00007ff8fde9d000 	C:\WINDOWS\System32\msvcp_win.dll
0x00007ff8e9590000 - 0x00007ff8e982a000 	C:\WINDOWS\WinSxS\amd64_microsoft.windows.common-controls_6595b64144ccf1df_6.0.19041.3570_none_60bb2a3971f3e41a\COMCTL32.dll
0x00007ff8f35e0000 - 0x00007ff8f35ea000 	C:\WINDOWS\SYSTEM32\VERSION.dll
0x00007ff8ff960000 - 0x00007ff8ff990000 	C:\WINDOWS\System32\IMM32.DLL
0x00007ff8eb830000 - 0x00007ff8eb83c000 	C:\Program Files\Java\jdk-11\bin\vcruntime140_1.dll
0x00007ff890190000 - 0x00007ff89021e000 	C:\Program Files\Java\jdk-11\bin\msvcp140.dll
0x00007ff8882f0000 - 0x00007ff888e5d000 	C:\Program Files\Java\jdk-11\bin\server\jvm.dll
0x00007ff8ffff0000 - 0x00007ff8ffff8000 	C:\WINDOWS\System32\PSAPI.DLL
0x00007ff8e9550000 - 0x00007ff8e9577000 	C:\WINDOWS\SYSTEM32\WINMM.dll
0x00007ff8e7fb0000 - 0x00007ff8e7fb9000 	C:\WINDOWS\SYSTEM32\WSOCK32.dll
0x00007ff8fea20000 - 0x00007ff8fea8b000 	C:\WINDOWS\System32\WS2_32.dll
0x00007ff8fc080000 - 0x00007ff8fc092000 	C:\WINDOWS\SYSTEM32\kernel.appcore.dll
0x00007ff8e5e40000 - 0x00007ff8e5e50000 	C:\Program Files\Java\jdk-11\bin\verify.dll
0x00007ff8fb480000 - 0x00007ff8fb664000 	C:\WINDOWS\SYSTEM32\DBGHELP.DLL
0x00007ff8f2100000 - 0x00007ff8f2134000 	C:\WINDOWS\SYSTEM32\dbgcore.DLL
0x00007ff8fdc10000 - 0x00007ff8fdc92000 	C:\WINDOWS\System32\bcryptPrimitives.dll
0x00007ff890080000 - 0x00007ff8900a8000 	C:\Program Files\Java\jdk-11\bin\java.dll
0x00007ff8ccc00000 - 0x00007ff8ccc0a000 	C:\Program Files\Java\jdk-11\bin\jimage.dll
0x00007ff8f6cd0000 - 0x00007ff8f6cde000 	C:\Program Files\Java\jdk-11\bin\instrument.dll
0x00007ff890170000 - 0x00007ff890187000 	C:\Program Files\Java\jdk-11\bin\zip.dll
0x00007ff8fed70000 - 0x00007ff8ff4b4000 	C:\WINDOWS\System32\SHELL32.dll
0x00007ff8fb8d0000 - 0x00007ff8fc06b000 	C:\WINDOWS\SYSTEM32\windows.storage.dll
0x00007ff8ff600000 - 0x00007ff8ff954000 	C:\WINDOWS\System32\combase.dll
0x00007ff8fd290000 - 0x00007ff8fd2bd000 	C:\WINDOWS\SYSTEM32\Wldp.dll
0x00007ff8fff40000 - 0x00007ff8fffed000 	C:\WINDOWS\System32\SHCORE.dll
0x00007ff8ff5a0000 - 0x00007ff8ff5f5000 	C:\WINDOWS\System32\shlwapi.dll
0x00007ff8fd780000 - 0x00007ff8fd7a5000 	C:\WINDOWS\SYSTEM32\profapi.dll
0x00007ff890060000 - 0x00007ff890079000 	C:\Program Files\Java\jdk-11\bin\net.dll
0x00007ff8f1200000 - 0x00007ff8f130a000 	C:\WINDOWS\SYSTEM32\WINHTTP.dll
0x00007ff8fcff0000 - 0x00007ff8fd05a000 	C:\WINDOWS\system32\mswsock.dll
0x00007ff890040000 - 0x00007ff890052000 	C:\Program Files\Java\jdk-11\bin\nio.dll
0x00007ff8f9250000 - 0x00007ff8f9277000 	C:\Users\Á¤¼º¹Î\.gradle\native\c067742578af261105cb4f569cf0c3c89f3d7b1fecec35dd04571415982c5e48\windows-amd64\native-platform.dll
0x00007ff8eaec0000 - 0x00007ff8eb004000 	C:\Users\Á¤¼º¹Î\.gradle\native\38dada09dfb8b06ba9b0570ebf7e218e3eb74d4ef43ca46872605cf95ebc2f47\windows-amd64\native-platform-file-events.dll
0x00007ff8f6cc0000 - 0x00007ff8f6cc9000 	C:\Program Files\Java\jdk-11\bin\management.dll
0x00007ff8f6b10000 - 0x00007ff8f6b1b000 	C:\Program Files\Java\jdk-11\bin\management_ext.dll
0x00007ff8fd1f0000 - 0x00007ff8fd208000 	C:\WINDOWS\SYSTEM32\CRYPTSP.dll
0x00007ff8fc890000 - 0x00007ff8fc8c4000 	C:\WINDOWS\system32\rsaenh.dll
0x00007ff8fe1a0000 - 0x00007ff8fe1c7000 	C:\WINDOWS\System32\bcrypt.dll
0x00007ff8fd740000 - 0x00007ff8fd76e000 	C:\WINDOWS\SYSTEM32\USERENV.dll
0x00007ff8fd1e0000 - 0x00007ff8fd1ec000 	C:\WINDOWS\SYSTEM32\CRYPTBASE.dll
0x00007ff8fcc90000 - 0x00007ff8fcccb000 	C:\WINDOWS\SYSTEM32\IPHLPAPI.DLL
0x00007ff8febb0000 - 0x00007ff8febb8000 	C:\WINDOWS\System32\NSI.dll
0x00007ff8f2fb0000 - 0x00007ff8f2fc7000 	C:\WINDOWS\SYSTEM32\dhcpcsvc6.DLL
0x00007ff8f4f60000 - 0x00007ff8f4f7d000 	C:\WINDOWS\SYSTEM32\dhcpcsvc.DLL
0x00007ff8fccd0000 - 0x00007ff8fcd9a000 	C:\WINDOWS\SYSTEM32\DNSAPI.dll

dbghelp: loaded successfully - version: 4.0.5 - missing functions: none
symbol engine: initialized successfully - sym options: 0x614 - pdb path: .;C:\Program Files\Java\jdk-11\bin;C:\WINDOWS\SYSTEM32;C:\Program Files\AVAST Software\Avast;C:\WINDOWS\WinSxS\amd64_microsoft.windows.common-controls_6595b64144ccf1df_6.0.19041.3570_none_60bb2a3971f3e41a;C:\Program Files\Java\jdk-11\bin\server;C:\Users\Á¤¼º¹Î\.gradle\native\c067742578af261105cb4f569cf0c3c89f3d7b1fecec35dd04571415982c5e48\windows-am;C:\Users\Á¤¼º¹Î\.gradle\native\c067742578af261105cb4f569cf0c3c89f3d7b1fecec35dd04571415982c5e48\windows-amd64;C:\Users\Á¤¼º¹Î\.gradle\native\38dada09dfb8b06ba9b0570ebf7e218e3eb74d4ef43ca46872605cf95ebc2f47\wind;C:\Users\Á¤¼º¹Î\.gradle\native\38dada09dfb8b06ba9b0570ebf7e218e3eb74d4ef43ca46872605cf95ebc2f47\w;C:\Users\Á¤¼º¹Î\.gradle\native\38dada09dfb8b06ba9b0570ebf7e218e3eb74d4ef43ca46872605cf95ebc2f4;C:\Users\Á¤¼º¹Î\.gradle\native\38dada09dfb8b06ba9b0570ebf7e218e3eb74d4ef43ca46872605cf95ebc

VM Arguments:
jvm_args: --add-opens=java.base/java.util=ALL-UNNAMED --add-opens=java.base/java.lang=ALL-UNNAMED --add-opens=java.base/java.lang.invoke=ALL-UNNAMED --add-opens=java.prefs/java.util.prefs=ALL-UNNAMED --add-opens=java.base/java.nio.charset=ALL-UNNAMED --add-opens=java.base/java.net=ALL-UNNAMED --add-opens=java.base/java.util.concurrent.atomic=ALL-UNNAMED -XX:MaxMetaspaceSize=384m -XX:+HeapDumpOnOutOfMemoryError -Xms256m -Xmx512m -Dfile.encoding=x-windows-949 -Duser.country=KR -Duser.language=ko -Duser.variant -javaagent:C:\Users\Á¤¼º¹Î\.gradle\wrapper\dists\gradle-8.4-bin\1w5dpkrfk8irigvoxmyhowfim\gradle-8.4\lib\agents\gradle-instrumentation-agent-8.4.jar 
java_command: org.gradle.launcher.daemon.bootstrap.GradleDaemon 8.4
java_class_path (initial): C:\Users\Á¤¼º¹Î\.gradle\wrapper\dists\gradle-8.4-bin\1w5dpkrfk8irigvoxmyhowfim\gradle-8.4\lib\gradle-launcher-8.4.jar
Launcher Type: SUN_STANDARD

[Global flags]
     intx CICompilerCount                          = 4                                         {product} {ergonomic}
   size_t CompressedClassSpaceSize                 = 394264576                                 {product} {ergonomic}
     uint ConcGCThreads                            = 2                                         {product} {ergonomic}
     uint G1ConcRefinementThreads                  = 8                                         {product} {ergonomic}
   size_t G1HeapRegionSize                         = 1048576                                   {product} {ergonomic}
    uintx GCDrainStackTargetSize                   = 64                                        {product} {ergonomic}
     bool HeapDumpOnOutOfMemoryError               = true                                   {manageable} {command line}
   size_t InitialHeapSize                          = 268435456                                 {product} {command line}
   size_t MarkStackSize                            = 4194304                                   {product} {ergonomic}
   size_t MaxHeapSize                              = 536870912                                 {product} {command line}
   size_t MaxMetaspaceSize                         = 402653184                                 {product} {command line}
   size_t MaxNewSize                               = 321912832                                 {product} {ergonomic}
   size_t MinHeapDeltaBytes                        = 1048576                                   {product} {ergonomic}
    uintx NonNMethodCodeHeapSize                   = 5836300                                {pd product} {ergonomic}
    uintx NonProfiledCodeHeapSize                  = 122910970                              {pd product} {ergonomic}
    uintx ProfiledCodeHeapSize                     = 122910970                              {pd product} {ergonomic}
    uintx ReservedCodeCacheSize                    = 251658240                              {pd product} {ergonomic}
     bool SegmentedCodeCache                       = true                                      {product} {ergonomic}
     bool UseCompressedClassPointers               = true                                 {lp64_product} {ergonomic}
     bool UseCompressedOops                        = true                                 {lp64_product} {ergonomic}
     bool UseG1GC                                  = true                                      {product} {ergonomic}
     bool UseLargePagesIndividualAllocation        = false                                  {pd product} {ergonomic}

Logging:
Log output configuration:
 #0: stdout all=warning uptime,level,tags
 #1: stderr all=off uptime,level,tags

Environment Variables:
JAVA_HOME=C:\Program Files\Java\jdk-11
PATH=C:\Program Files (x86)\NAT Service;D:\app\product\11.2.0\dbhome_1\BIN;C:\WINDOWS\system32;C:\WINDOWS;C:\WINDOWS\System32\Wbem;C:\WINDOWS\System32\WindowsPowerShell\v1.0\;C:\WINDOWS\System32\OpenSSH\;C:\Program Files\Intel\WiFi\bin\;C:\Program Files\Common Files\Intel\WirelessCommon\;C:\Program Files\Git\cmd;C:\Program Files\Java\jdk-11\bin;C:\Program Files (x86)\Common Files\Oracle\Java\javapath;C:\Program Files\nodejs\;C:\Users\Á¤¼º¹Î\AppData\Local\Microsoft\WindowsApps;C:\Program Files\Bandizip\;C:\Program Files\Intel\WiFi\bin\;C:\Program Files\Common Files\Intel\WirelessCommon\;C:\Users\Á¤¼º¹Î\AppData\Local\Microsoft\WindowsApps;C:\Users\Á¤¼º¹Î\IntelliJ IDEA Community Edition 2023.1.3\bin;;C:\Users\Á¤¼º¹Î\AppData\Local\GitHubDesktop\bin;C:\Program Files\JetBrains\IntelliJ IDEA 2023.2\bin;;C:\Users\Á¤¼º¹Î\AppData\Roaming\npm;C:\Users\Á¤¼º¹Î\AppData\Local\Programs\Microsoft VS Code\bin;
USERNAME=Á¤¼º¹Î
OS=Windows_NT
PROCESSOR_IDENTIFIER=Intel64 Family 6 Model 142 Stepping 12, GenuineIntel



---------------  S Y S T E M  ---------------

OS: Windows 10 , 64 bit Build 19041 (10.0.19041.3570)

CPU:total 8 (initial active 8) (4 cores per cpu, 2 threads per core) family 6 model 142 stepping 12 microcode 0xb8, cmov, cx8, fxsr, mmx, sse, sse2, sse3, ssse3, sse4.1, sse4.2, popcnt, avx, avx2, aes, clmul, erms, 3dnowpref, lzcnt, ht, tsc, tscinvbit, bmi1, bmi2, adx, fma

Memory: 4k page, system-wide physical 8082M (361M free)
TotalPageFile size 20370M (AvailPageFile size 0M)
current process WorkingSet (physical memory assigned to process): 384M, peak: 384M
current process commit charge ("private bytes"): 485M, peak: 485M

vm_info: Java HotSpot(TM) 64-Bit Server VM (11.0.20+9-LTS-256) for windows-amd64 JRE (11.0.20+9-LTS-256), built on Jun 14 2023 10:34:22 by "mach5one" with MS VC++ 17.1 (VS2022)

END.
